# JRE version: OpenJDK Runtime Environment (8.0_242-b01) (build 1.8.0_242-release-1644-b01)
# Java VM: OpenJDK 64-Bit Server VM (25.242-b01 mixed mode windows-amd64 compressed oops)
Heap:
 PSYoungGen      total 282624K, used 241253K [0x00000000d5580000, 0x00000000eda80000, 0x0000000100000000)
  eden space 262144K, 84% used [0x00000000d5580000,0x00000000e2d1c940,0x00000000e5580000)
  from space 20480K, 99% used [0x00000000e5580000,0x00000000e697ccd0,0x00000000e6980000)
  to   space 26112K, 0% used [0x00000000ec100000,0x00000000ec100000,0x00000000eda80000)
 ParOldGen       total 100352K, used 40126K [0x0000000080000000, 0x0000000086200000, 0x00000000d5580000)
  object space 100352K, 39% used [0x0000000080000000,0x000000008272f968,0x0000000086200000)
 Metaspace       used 75330K, capacity 78741K, committed 78872K, reserved 1118208K
  class space    used 10095K, capacity 10716K, committed 10784K, reserved 1048576K
GC Heap History (10 events):
Event: 7.351 GC heap before
{Heap before GC invocations=12 (full 2):
 PSYoungGen      total 140288K, used 129024K [0x00000000d5580000, 0x00000000e2d80000, 0x0000000100000000)
  eden space 129024K, 100% used [0x00000000d5580000,0x00000000dd380000,0x00000000dd380000)
  from space 11264K, 0% used [0x00000000dd380000,0x00000000dd380000,0x00000000dde80000)
  to   space 12800K, 0% used [0x00000000e2100000,0x00000000e2100000,0x00000000e2d80000)
 ParOldGen       total 66048K, used 17826K [0x0000000080000000, 0x0000000084080000, 0x00000000d5580000)
  object space 66048K, 26% used [0x0000000080000000,0x0000000081168868,0x0000000084080000)
 Metaspace       used 37933K, capacity 39564K, committed 39720K, reserved 1083392K
  class space    used 5231K, capacity 5576K, committed 5680K, reserved 1048576K
Event: 7.363 GC heap after
Heap after GC invocations=12 (full 2):
 PSYoungGen      total 195584K, used 9362K [0x00000000d5580000, 0x00000000e2a80000, 0x0000000100000000)
  eden space 185856K, 0% used [0x00000000d5580000,0x00000000d5580000,0x00000000e0b00000)
  from space 9728K, 96% used [0x00000000e2100000,0x00000000e2a249c0,0x00000000e2a80000)
  to   space 13312K, 0% used [0x00000000e1080000,0x00000000e1080000,0x00000000e1d80000)
 ParOldGen       total 66048K, used 17834K [0x0000000080000000, 0x0000000084080000, 0x00000000d5580000)
  object space 66048K, 27% used [0x0000000080000000,0x000000008116a868,0x0000000084080000)
 Metaspace       used 37933K, capacity 39564K, committed 39720K, reserved 1083392K
  class space    used 5231K, capacity 5576K, committed 5680K, reserved 1048576K
}
Event: 10.069 GC heap before
{Heap before GC invocations=13 (full 2):
 PSYoungGen      total 195584K, used 195218K [0x00000000d5580000, 0x00000000e2a80000, 0x0000000100000000)
  eden space 185856K, 100% used [0x00000000d5580000,0x00000000e0b00000,0x00000000e0b00000)
  from space 9728K, 96% used [0x00000000e2100000,0x00000000e2a249c0,0x00000000e2a80000)
  to   space 13312K, 0% used [0x00000000e1080000,0x00000000e1080000,0x00000000e1d80000)
 ParOldGen       total 66048K, used 17834K [0x0000000080000000, 0x0000000084080000, 0x00000000d5580000)
  object space 66048K, 27% used [0x0000000080000000,0x000000008116a868,0x0000000084080000)
 Metaspace       used 53826K, capacity 55898K, committed 55976K, reserved 1097728K
  class space    used 7147K, capacity 7589K, committed 7600K, reserved 1048576K
Event: 10.113 GC heap after
Heap after GC invocations=13 (full 2):
 PSYoungGen      total 204800K, used 13295K [0x00000000d5580000, 0x00000000e7d80000, 0x0000000100000000)
  eden space 191488K, 0% used [0x00000000d5580000,0x00000000d5580000,0x00000000e1080000)
  from space 13312K, 99% used [0x00000000e1080000,0x00000000e1d7be50,0x00000000e1d80000)
  to   space 20480K, 0% used [0x00000000e6980000,0x00000000e6980000,0x00000000e7d80000)
 ParOldGen       total 66048K, used 32953K [0x0000000080000000, 0x0000000084080000, 0x00000000d5580000)
  object space 66048K, 49% used [0x0000000080000000,0x000000008202e670,0x0000000084080000)
 Metaspace       used 53826K, capacity 55898K, committed 55976K, reserved 1097728K
  class space    used 7147K, capacity 7589K, committed 7600K, reserved 1048576K
}
Event: 10.715 GC heap before
{Heap before GC invocations=14 (full 2):
 PSYoungGen      total 204800K, used 38997K [0x00000000d5580000, 0x00000000e7d80000, 0x0000000100000000)
  eden space 191488K, 13% used [0x00000000d5580000,0x00000000d6e99720,0x00000000e1080000)
  from space 13312K, 99% used [0x00000000e1080000,0x00000000e1d7be50,0x00000000e1d80000)
  to   space 20480K, 0% used [0x00000000e6980000,0x00000000e6980000,0x00000000e7d80000)
 ParOldGen       total 66048K, used 32953K [0x0000000080000000, 0x0000000084080000, 0x00000000d5580000)
  object space 66048K, 49% used [0x0000000080000000,0x000000008202e670,0x0000000084080000)
 Metaspace       used 56827K, capacity 59075K, committed 59160K, reserved 1099776K
  class space    used 7691K, capacity 8139K, committed 8224K, reserved 1048576K
Event: 10.747 GC heap after
Heap after GC invocations=14 (full 2):
 PSYoungGen      total 282624K, used 3808K [0x00000000d5580000, 0x00000000e8480000, 0x0000000100000000)
  eden space 262144K, 0% used [0x00000000d5580000,0x00000000d5580000,0x00000000e5580000)
  from space 20480K, 18% used [0x00000000e6980000,0x00000000e6d381c8,0x00000000e7d80000)
  to   space 20480K, 0% used [0x00000000e5580000,0x00000000e5580000,0x00000000e6980000)
 ParOldGen       total 66048K, used 44106K [0x0000000080000000, 0x0000000084080000, 0x00000000d5580000)
  object space 66048K, 66% used [0x0000000080000000,0x0000000082b12ae8,0x0000000084080000)
 Metaspace       used 56827K, capacity 59075K, committed 59160K, reserved 1099776K
  class space    used 7691K, capacity 8139K, committed 8224K, reserved 1048576K
}
Event: 10.747 GC heap before
{Heap before GC invocations=15 (full 3):
 PSYoungGen      total 282624K, used 3808K [0x00000000d5580000, 0x00000000e8480000, 0x0000000100000000)
  eden space 262144K, 0% used [0x00000000d5580000,0x00000000d5580000,0x00000000e5580000)
  from space 20480K, 18% used [0x00000000e6980000,0x00000000e6d381c8,0x00000000e7d80000)
  to   space 20480K, 0% used [0x00000000e5580000,0x00000000e5580000,0x00000000e6980000)
 ParOldGen       total 66048K, used 44106K [0x0000000080000000, 0x0000000084080000, 0x00000000d5580000)
  object space 66048K, 66% used [0x0000000080000000,0x0000000082b12ae8,0x0000000084080000)
 Metaspace       used 56827K, capacity 59075K, committed 59160K, reserved 1099776K
  class space    used 7691K, capacity 8139K, committed 8224K, reserved 1048576K
Event: 11.071 GC heap after
Heap after GC invocations=15 (full 3):
 PSYoungGen      total 282624K, used 0K [0x00000000d5580000, 0x00000000e8480000, 0x0000000100000000)
  eden space 262144K, 0% used [0x00000000d5580000,0x00000000d5580000,0x00000000e5580000)
  from space 20480K, 0% used [0x00000000e6980000,0x00000000e6980000,0x00000000e7d80000)
  to   space 20480K, 0% used [0x00000000e5580000,0x00000000e5580000,0x00000000e6980000)
 ParOldGen       total 100352K, used 33463K [0x0000000080000000, 0x0000000086200000, 0x00000000d5580000)
  object space 100352K, 33% used [0x0000000080000000,0x00000000820adc68,0x0000000086200000)
 Metaspace       used 56816K, capacity 59039K, committed 59160K, reserved 1099776K
  class space    used 7687K, capacity 8133K, committed 8224K, reserved 1048576K
}
Event: 16.179 GC heap before
{Heap before GC invocations=16 (full 3):
 PSYoungGen      total 282624K, used 262144K [0x00000000d5580000, 0x00000000e8480000, 0x0000000100000000)
  eden space 262144K, 100% used [0x00000000d5580000,0x00000000e5580000,0x00000000e5580000)
  from space 20480K, 0% used [0x00000000e6980000,0x00000000e6980000,0x00000000e7d80000)
  to   space 20480K, 0% used [0x00000000e5580000,0x00000000e5580000,0x00000000e6980000)
 ParOldGen       total 100352K, used 33463K [0x0000000080000000, 0x0000000086200000, 0x00000000d5580000)
  object space 100352K, 33% used [0x0000000080000000,0x00000000820adc68,0x0000000086200000)
 Metaspace       used 68559K, capacity 71787K, committed 71960K, reserved 1112064K
  class space    used 9366K, capacity 10001K, committed 10016K, reserved 1048576K
Event: 16.219 GC heap after
Heap after GC invocations=16 (full 3):
 PSYoungGen      total 282624K, used 20467K [0x00000000d5580000, 0x00000000eda80000, 0x0000000100000000)
  eden space 262144K, 0% used [0x00000000d5580000,0x00000000d5580000,0x00000000e5580000)
  from space 20480K, 99% used [0x00000000e5580000,0x00000000e697ccd0,0x00000000e6980000)
  to   space 26112K, 0% used [0x00000000ec100000,0x00000000ec100000,0x00000000eda80000)
 ParOldGen       total 100352K, used 40126K [0x0000000080000000, 0x0000000086200000, 0x00000000d5580000)
  object space 100352K, 39% used [0x0000000080000000,0x000000008272f968,0x0000000086200000)
 Metaspace       used 68559K, capacity 71787K, committed 71960K, reserved 1112064K
  class space    used 9366K, capacity 10001K, committed 10016K, reserved 1048576K
}

