# JRE version: OpenJDK Runtime Environment (8.0_242-b01) (build 1.8.0_242-release-1644-b01)
# Java VM: OpenJDK 64-Bit Server VM (25.242-b01 mixed mode windows-amd64 compressed oops)
Heap:
 PSYoungGen      total 435200K, used 221147K [0x00000000d5580000, 0x00000000f2300000, 0x0000000100000000)
  eden space 397824K, 48% used [0x00000000d5580000,0x00000000e1323d28,0x00000000eda00000)
  from space 37376K, 72% used [0x00000000eda00000,0x00000000ef4530a0,0x00000000efe80000)
  to   space 36864K, 0% used [0x00000000eff00000,0x00000000eff00000,0x00000000f2300000)
 ParOldGen       total 120832K, used 120584K [0x0000000080000000, 0x0000000087600000, 0x00000000d5580000)
  object space 120832K, 99% used [0x0000000080000000,0x00000000875c2208,0x0000000087600000)
 Metaspace       used 107888K, capacity 112048K, committed 112344K, reserved 1146880K
  class space    used 13739K, capacity 14521K, committed 14592K, reserved 1048576K
GC Heap History (10 events):
Event: 8230.924 GC heap before
{Heap before GC invocations=18 (full 3):
 PSYoungGen      total 353792K, used 353784K [0x00000000d5580000, 0x00000000ef100000, 0x0000000100000000)
  eden space 328192K, 100% used [0x00000000d5580000,0x00000000e9600000,0x00000000e9600000)
  from space 25600K, 99% used [0x00000000ebb80000,0x00000000ed47e348,0x00000000ed480000)
  to   space 38400K, 0% used [0x00000000e9600000,0x00000000e9600000,0x00000000ebb80000)
 ParOldGen       total 120832K, used 63072K [0x0000000080000000, 0x0000000087600000, 0x00000000d5580000)
  object space 120832K, 52% used [0x0000000080000000,0x0000000083d98378,0x0000000087600000)
 Metaspace       used 85948K, capacity 89592K, committed 89816K, reserved 1128448K
  class space    used 11065K, capacity 11761K, committed 11776K, reserved 1048576K
Event: 8230.989 GC heap after
Heap after GC invocations=18 (full 3):
 PSYoungGen      total 366592K, used 19819K [0x00000000d5580000, 0x00000000f2400000, 0x0000000100000000)
  eden space 328192K, 0% used [0x00000000d5580000,0x00000000d5580000,0x00000000e9600000)
  from space 38400K, 51% used [0x00000000e9600000,0x00000000ea95acd0,0x00000000ebb80000)
  to   space 37888K, 0% used [0x00000000eff00000,0x00000000eff00000,0x00000000f2400000)
 ParOldGen       total 120832K, used 84136K [0x0000000080000000, 0x0000000087600000, 0x00000000d5580000)
  object space 120832K, 69% used [0x0000000080000000,0x000000008522a010,0x0000000087600000)
 Metaspace       used 85948K, capacity 89592K, committed 89816K, reserved 1128448K
  class space    used 11065K, capacity 11761K, committed 11776K, reserved 1048576K
}
Event: 8235.015 GC heap before
{Heap before GC invocations=19 (full 3):
 PSYoungGen      total 366592K, used 93817K [0x00000000d5580000, 0x00000000f2400000, 0x0000000100000000)
  eden space 328192K, 22% used [0x00000000d5580000,0x00000000d9dc39d8,0x00000000e9600000)
  from space 38400K, 51% used [0x00000000e9600000,0x00000000ea95acd0,0x00000000ebb80000)
  to   space 37888K, 0% used [0x00000000eff00000,0x00000000eff00000,0x00000000f2400000)
 ParOldGen       total 120832K, used 84136K [0x0000000080000000, 0x0000000087600000, 0x00000000d5580000)
  object space 120832K, 69% used [0x0000000080000000,0x000000008522a010,0x0000000087600000)
 Metaspace       used 89166K, capacity 92902K, committed 93144K, reserved 1130496K
  class space    used 11500K, capacity 12203K, committed 12288K, reserved 1048576K
Event: 8235.040 GC heap after
Heap after GC invocations=19 (full 3):
 PSYoungGen      total 434688K, used 20413K [0x00000000d5580000, 0x00000000f2300000, 0x0000000100000000)
  eden space 397824K, 0% used [0x00000000d5580000,0x00000000d5580000,0x00000000eda00000)
  from space 36864K, 55% used [0x00000000eff00000,0x00000000f12ef750,0x00000000f2300000)
  to   space 37376K, 0% used [0x00000000eda00000,0x00000000eda00000,0x00000000efe80000)
 ParOldGen       total 120832K, used 84144K [0x0000000080000000, 0x0000000087600000, 0x00000000d5580000)
  object space 120832K, 69% used [0x0000000080000000,0x000000008522c010,0x0000000087600000)
 Metaspace       used 89166K, capacity 92902K, committed 93144K, reserved 1130496K
  class space    used 11500K, capacity 12203K, committed 12288K, reserved 1048576K
}
Event: 8235.040 GC heap before
{Heap before GC invocations=20 (full 4):
 PSYoungGen      total 434688K, used 20413K [0x00000000d5580000, 0x00000000f2300000, 0x0000000100000000)
  eden space 397824K, 0% used [0x00000000d5580000,0x00000000d5580000,0x00000000eda00000)
  from space 36864K, 55% used [0x00000000eff00000,0x00000000f12ef750,0x00000000f2300000)
  to   space 37376K, 0% used [0x00000000eda00000,0x00000000eda00000,0x00000000efe80000)
 ParOldGen       total 120832K, used 84144K [0x0000000080000000, 0x0000000087600000, 0x00000000d5580000)
  object space 120832K, 69% used [0x0000000080000000,0x000000008522c010,0x0000000087600000)
 Metaspace       used 89166K, capacity 92902K, committed 93144K, reserved 1130496K
  class space    used 11500K, capacity 12203K, committed 12288K, reserved 1048576K
Event: 8235.483 GC heap after
Heap after GC invocations=20 (full 4):
 PSYoungGen      total 434688K, used 0K [0x00000000d5580000, 0x00000000f2300000, 0x0000000100000000)
  eden space 397824K, 0% used [0x00000000d5580000,0x00000000d5580000,0x00000000eda00000)
  from space 36864K, 0% used [0x00000000eff00000,0x00000000eff00000,0x00000000f2300000)
  to   space 37376K, 0% used [0x00000000eda00000,0x00000000eda00000,0x00000000efe80000)
 ParOldGen       total 120832K, used 60517K [0x0000000080000000, 0x0000000087600000, 0x00000000d5580000)
  object space 120832K, 50% used [0x0000000080000000,0x0000000083b197e0,0x0000000087600000)
 Metaspace       used 89073K, capacity 92668K, committed 93144K, reserved 1130496K
  class space    used 11471K, capacity 12150K, committed 12288K, reserved 1048576K
}
Event: 8257.459 GC heap before
{Heap before GC invocations=21 (full 4):
 PSYoungGen      total 434688K, used 397824K [0x00000000d5580000, 0x00000000f2300000, 0x0000000100000000)
  eden space 397824K, 100% used [0x00000000d5580000,0x00000000eda00000,0x00000000eda00000)
  from space 36864K, 0% used [0x00000000eff00000,0x00000000eff00000,0x00000000f2300000)
  to   space 37376K, 0% used [0x00000000eda00000,0x00000000eda00000,0x00000000efe80000)
 ParOldGen       total 120832K, used 60517K [0x0000000080000000, 0x0000000087600000, 0x00000000d5580000)
  object space 120832K, 50% used [0x0000000080000000,0x0000000083b197e0,0x0000000087600000)
 Metaspace       used 102030K, capacity 105980K, committed 106328K, reserved 1142784K
  class space    used 12860K, capacity 13611K, committed 13696K, reserved 1048576K
Event: 8257.571 GC heap after
Heap after GC invocations=21 (full 4):
 PSYoungGen      total 435200K, used 37347K [0x00000000d5580000, 0x00000000f2300000, 0x0000000100000000)
  eden space 397824K, 0% used [0x00000000d5580000,0x00000000d5580000,0x00000000eda00000)
  from space 37376K, 99% used [0x00000000eda00000,0x00000000efe78f88,0x00000000efe80000)
  to   space 36864K, 0% used [0x00000000eff00000,0x00000000eff00000,0x00000000f2300000)
 ParOldGen       total 120832K, used 117398K [0x0000000080000000, 0x0000000087600000, 0x00000000d5580000)
  object space 120832K, 97% used [0x0000000080000000,0x00000000872a5bc8,0x0000000087600000)
 Metaspace       used 102030K, capacity 105980K, committed 106328K, reserved 1142784K
  class space    used 12860K, capacity 13611K, committed 13696K, reserved 1048576K
}
Event: 8257.571 GC heap before
{Heap before GC invocations=22 (full 5):
 PSYoungGen      total 435200K, used 37347K [0x00000000d5580000, 0x00000000f2300000, 0x0000000100000000)
  eden space 397824K, 0% used [0x00000000d5580000,0x00000000d5580000,0x00000000eda00000)
  from space 37376K, 99% used [0x00000000eda00000,0x00000000efe78f88,0x00000000efe80000)
  to   space 36864K, 0% used [0x00000000eff00000,0x00000000eff00000,0x00000000f2300000)
 ParOldGen       total 120832K, used 117398K [0x0000000080000000, 0x0000000087600000, 0x00000000d5580000)
  object space 120832K, 97% used [0x0000000080000000,0x00000000872a5bc8,0x0000000087600000)
 Metaspace       used 102030K, capacity 105980K, committed 106328K, reserved 1142784K
  class space    used 12860K, capacity 13611K, committed 13696K, reserved 1048576K
Event: 8258.368 GC heap after
Heap after GC invocations=22 (full 5):
 PSYoungGen      total 435200K, used 26956K [0x00000000d5580000, 0x00000000f2300000, 0x0000000100000000)
  eden space 397824K, 0% used [0x00000000d5580000,0x00000000d5580000,0x00000000eda00000)
  from space 37376K, 72% used [0x00000000eda00000,0x00000000ef4530a0,0x00000000efe80000)
  to   space 36864K, 0% used [0x00000000eff00000,0x00000000eff00000,0x00000000f2300000)
 ParOldGen       total 120832K, used 120584K [0x0000000080000000, 0x0000000087600000, 0x00000000d5580000)
  object space 120832K, 99% used [0x0000000080000000,0x00000000875c2208,0x0000000087600000)
 Metaspace       used 102030K, capacity 105980K, committed 106328K, reserved 1142784K
  class space    used 12860K, capacity 13611K, committed 13696K, reserved 1048576K
}

