# JRE version: OpenJDK Runtime Environment (8.0_242-b01) (build 1.8.0_242-release-1644-b01)
# Java VM: OpenJDK 64-Bit Server VM (25.242-b01 mixed mode windows-amd64 compressed oops)
Heap:
 PSYoungGen      total 71680K, used 33785K [0x00000000d5c00000, 0x00000000de800000, 0x0000000100000000)
  eden space 66560K, 50% used [0x00000000d5c00000,0x00000000d7cfe6a8,0x00000000d9d00000)
  from space 5120K, 0% used [0x00000000d9d00000,0x00000000d9d00000,0x00000000da200000)
  to   space 5120K, 0% used [0x00000000de300000,0x00000000de300000,0x00000000de800000)
 ParOldGen       total 94720K, used 21964K [0x0000000081400000, 0x0000000087080000, 0x00000000d5c00000)
  object space 94720K, 23% used [0x0000000081400000,0x0000000082973358,0x0000000087080000)
 Metaspace       used 25341K, capacity 25892K, committed 25984K, reserved 1071104K
  class space    used 3236K, capacity 3410K, committed 3456K, reserved 1048576K
GC Heap History (8 events):
Event: 0.829 GC heap before
{Heap before GC invocations=1 (full 0):
 PSYoungGen      total 38400K, used 33280K [0x00000000d5c00000, 0x00000000d8680000, 0x0000000100000000)
  eden space 33280K, 100% used [0x00000000d5c00000,0x00000000d7c80000,0x00000000d7c80000)
  from space 5120K, 0% used [0x00000000d8180000,0x00000000d8180000,0x00000000d8680000)
  to   space 5120K, 0% used [0x00000000d7c80000,0x00000000d7c80000,0x00000000d8180000)
 ParOldGen       total 87552K, used 0K [0x0000000081400000, 0x0000000086980000, 0x00000000d5c00000)
  object space 87552K, 0% used [0x0000000081400000,0x0000000081400000,0x0000000086980000)
 Metaspace       used 10279K, capacity 10458K, committed 10624K, reserved 1058816K
  class space    used 1083K, capacity 1147K, committed 1152K, reserved 1048576K
Event: 0.839 GC heap after
Heap after GC invocations=1 (full 0):
 PSYoungGen      total 38400K, used 5108K [0x00000000d5c00000, 0x00000000da700000, 0x0000000100000000)
  eden space 33280K, 0% used [0x00000000d5c00000,0x00000000d5c00000,0x00000000d7c80000)
  from space 5120K, 99% used [0x00000000d7c80000,0x00000000d817d2f0,0x00000000d8180000)
  to   space 5120K, 0% used [0x00000000da200000,0x00000000da200000,0x00000000da700000)
 ParOldGen       total 87552K, used 2590K [0x0000000081400000, 0x0000000086980000, 0x00000000d5c00000)
  object space 87552K, 2% used [0x0000000081400000,0x0000000081687bc0,0x0000000086980000)
 Metaspace       used 10279K, capacity 10458K, committed 10624K, reserved 1058816K
  class space    used 1083K, capacity 1147K, committed 1152K, reserved 1048576K
}
Event: 1.515 GC heap before
{Heap before GC invocations=2 (full 0):
 PSYoungGen      total 38400K, used 38388K [0x00000000d5c00000, 0x00000000da700000, 0x0000000100000000)
  eden space 33280K, 100% used [0x00000000d5c00000,0x00000000d7c80000,0x00000000d7c80000)
  from space 5120K, 99% used [0x00000000d7c80000,0x00000000d817d2f0,0x00000000d8180000)
  to   space 5120K, 0% used [0x00000000da200000,0x00000000da200000,0x00000000da700000)
 ParOldGen       total 87552K, used 2590K [0x0000000081400000, 0x0000000086980000, 0x00000000d5c00000)
  object space 87552K, 2% used [0x0000000081400000,0x0000000081687bc0,0x0000000086980000)
 Metaspace       used 15976K, capacity 16344K, committed 16640K, reserved 1064960K
  class space    used 1821K, capacity 1944K, committed 2048K, reserved 1048576K
Event: 1.530 GC heap after
Heap after GC invocations=2 (full 0):
 PSYoungGen      total 71680K, used 5104K [0x00000000d5c00000, 0x00000000da700000, 0x0000000100000000)
  eden space 66560K, 0% used [0x00000000d5c00000,0x00000000d5c00000,0x00000000d9d00000)
  from space 5120K, 99% used [0x00000000da200000,0x00000000da6fc010,0x00000000da700000)
  to   space 5120K, 0% used [0x00000000d9d00000,0x00000000d9d00000,0x00000000da200000)
 ParOldGen       total 87552K, used 7581K [0x0000000081400000, 0x0000000086980000, 0x00000000d5c00000)
  object space 87552K, 8% used [0x0000000081400000,0x0000000081b67490,0x0000000086980000)
 Metaspace       used 15976K, capacity 16344K, committed 16640K, reserved 1064960K
  class space    used 1821K, capacity 1944K, committed 2048K, reserved 1048576K
}
Event: 2.018 GC heap before
{Heap before GC invocations=3 (full 0):
 PSYoungGen      total 71680K, used 36443K [0x00000000d5c00000, 0x00000000da700000, 0x0000000100000000)
  eden space 66560K, 47% used [0x00000000d5c00000,0x00000000d7a9ac38,0x00000000d9d00000)
  from space 5120K, 99% used [0x00000000da200000,0x00000000da6fc010,0x00000000da700000)
  to   space 5120K, 0% used [0x00000000d9d00000,0x00000000d9d00000,0x00000000da200000)
 ParOldGen       total 87552K, used 7581K [0x0000000081400000, 0x0000000086980000, 0x00000000d5c00000)
  object space 87552K, 8% used [0x0000000081400000,0x0000000081b67490,0x0000000086980000)
 Metaspace       used 20692K, capacity 21178K, committed 21248K, reserved 1069056K
  class space    used 2367K, capacity 2527K, committed 2560K, reserved 1048576K
Event: 2.042 GC heap after
Heap after GC invocations=3 (full 0):
 PSYoungGen      total 71680K, used 5088K [0x00000000d5c00000, 0x00000000de800000, 0x0000000100000000)
  eden space 66560K, 0% used [0x00000000d5c00000,0x00000000d5c00000,0x00000000d9d00000)
  from space 5120K, 99% used [0x00000000d9d00000,0x00000000da1f8030,0x00000000da200000)
  to   space 5120K, 0% used [0x00000000de300000,0x00000000de300000,0x00000000de800000)
 ParOldGen       total 87552K, used 24614K [0x0000000081400000, 0x0000000086980000, 0x00000000d5c00000)
  object space 87552K, 28% used [0x0000000081400000,0x0000000082c098a0,0x0000000086980000)
 Metaspace       used 20692K, capacity 21178K, committed 21248K, reserved 1069056K
  class space    used 2367K, capacity 2527K, committed 2560K, reserved 1048576K
}
Event: 2.042 GC heap before
{Heap before GC invocations=4 (full 1):
 PSYoungGen      total 71680K, used 5088K [0x00000000d5c00000, 0x00000000de800000, 0x0000000100000000)
  eden space 66560K, 0% used [0x00000000d5c00000,0x00000000d5c00000,0x00000000d9d00000)
  from space 5120K, 99% used [0x00000000d9d00000,0x00000000da1f8030,0x00000000da200000)
  to   space 5120K, 0% used [0x00000000de300000,0x00000000de300000,0x00000000de800000)
 ParOldGen       total 87552K, used 24614K [0x0000000081400000, 0x0000000086980000, 0x00000000d5c00000)
  object space 87552K, 28% used [0x0000000081400000,0x0000000082c098a0,0x0000000086980000)
 Metaspace       used 20692K, capacity 21178K, committed 21248K, reserved 1069056K
  class space    used 2367K, capacity 2527K, committed 2560K, reserved 1048576K
Event: 2.138 GC heap after
Heap after GC invocations=4 (full 1):
 PSYoungGen      total 71680K, used 0K [0x00000000d5c00000, 0x00000000de800000, 0x0000000100000000)
  eden space 66560K, 0% used [0x00000000d5c00000,0x00000000d5c00000,0x00000000d9d00000)
  from space 5120K, 0% used [0x00000000d9d00000,0x00000000d9d00000,0x00000000da200000)
  to   space 5120K, 0% used [0x00000000de300000,0x00000000de300000,0x00000000de800000)
 ParOldGen       total 94720K, used 21964K [0x0000000081400000, 0x0000000087080000, 0x00000000d5c00000)
  object space 94720K, 23% used [0x0000000081400000,0x0000000082973358,0x0000000087080000)
 Metaspace       used 20692K, capacity 21178K, committed 21248K, reserved 1069056K
  class space    used 2367K, capacity 2527K, committed 2560K, reserved 1048576K
}

