# JRE version: OpenJDK Runtime Environment (8.0_242-b01) (build 1.8.0_242-release-1644-b01)
# Java VM: OpenJDK 64-Bit Server VM (25.242-b01 mixed mode windows-amd64 compressed oops)
Heap:
 PSYoungGen      total 399360K, used 31457K [0x00000000d5580000, 0x00000000f3a00000, 0x0000000100000000)
  eden space 306688K, 10% used [0x00000000d5580000,0x00000000d7438790,0x00000000e8100000)
  from space 92672K, 0% used [0x00000000edf80000,0x00000000edf80000,0x00000000f3a00000)
  to   space 94720K, 0% used [0x00000000e8100000,0x00000000e8100000,0x00000000edd80000)
 ParOldGen       total 424448K, used 197451K [0x0000000080000000, 0x0000000099e80000, 0x00000000d5580000)
  object space 424448K, 46% used [0x0000000080000000,0x000000008c0d2d08,0x0000000099e80000)
 Metaspace       used 108313K, capacity 112968K, committed 114252K, reserved 1148928K
  class space    used 14213K, capacity 15098K, committed 15476K, reserved 1048576K
GC Heap History (10 events):
Event: 64.694 GC heap before
{Heap before GC invocations=25 (full 4):
 PSYoungGen      total 269312K, used 269306K [0x00000000d5580000, 0x00000000ed380000, 0x0000000100000000)
  eden space 200192K, 100% used [0x00000000d5580000,0x00000000e1900000,0x00000000e1900000)
  from space 69120K, 99% used [0x00000000e6c80000,0x00000000eaffe8f0,0x00000000eb000000)
  to   space 85504K, 0% used [0x00000000e1900000,0x00000000e1900000,0x00000000e6c80000)
 ParOldGen       total 302080K, used 144328K [0x0000000080000000, 0x0000000092700000, 0x00000000d5580000)
  object space 302080K, 47% used [0x0000000080000000,0x0000000088cf2188,0x0000000092700000)
 Metaspace       used 98389K, capacity 102180K, committed 102604K, reserved 1138688K
  class space    used 12748K, capacity 13468K, committed 13556K, reserved 1048576K
Event: 64.784 GC heap after
Heap after GC invocations=25 (full 4):
 PSYoungGen      total 285696K, used 19082K [0x00000000d5580000, 0x00000000ee580000, 0x0000000100000000)
  eden space 200192K, 0% used [0x00000000d5580000,0x00000000d5580000,0x00000000e1900000)
  from space 85504K, 22% used [0x00000000e1900000,0x00000000e2ba2b48,0x00000000e6c80000)
  to   space 82432K, 0% used [0x00000000e9500000,0x00000000e9500000,0x00000000ee580000)
 ParOldGen       total 302080K, used 185701K [0x0000000080000000, 0x0000000092700000, 0x00000000d5580000)
  object space 302080K, 61% used [0x0000000080000000,0x000000008b5596b0,0x0000000092700000)
 Metaspace       used 98389K, capacity 102180K, committed 102604K, reserved 1138688K
  class space    used 12748K, capacity 13468K, committed 13556K, reserved 1048576K
}
Event: 66.205 GC heap before
{Heap before GC invocations=26 (full 4):
 PSYoungGen      total 285696K, used 219274K [0x00000000d5580000, 0x00000000ee580000, 0x0000000100000000)
  eden space 200192K, 100% used [0x00000000d5580000,0x00000000e1900000,0x00000000e1900000)
  from space 85504K, 22% used [0x00000000e1900000,0x00000000e2ba2b48,0x00000000e6c80000)
  to   space 82432K, 0% used [0x00000000e9500000,0x00000000e9500000,0x00000000ee580000)
 ParOldGen       total 302080K, used 185701K [0x0000000080000000, 0x0000000092700000, 0x00000000d5580000)
  object space 302080K, 61% used [0x0000000080000000,0x000000008b5596b0,0x0000000092700000)
 Metaspace       used 98664K, capacity 102416K, committed 102604K, reserved 1138688K
  class space    used 12795K, capacity 13502K, committed 13556K, reserved 1048576K
Event: 66.237 GC heap after
Heap after GC invocations=26 (full 4):
 PSYoungGen      total 315904K, used 28998K [0x00000000d5580000, 0x00000000edb00000, 0x0000000100000000)
  eden space 244224K, 0% used [0x00000000d5580000,0x00000000d5580000,0x00000000e4400000)
  from space 71680K, 40% used [0x00000000e9500000,0x00000000eb151ac8,0x00000000edb00000)
  to   space 77312K, 0% used [0x00000000e4400000,0x00000000e4400000,0x00000000e8f80000)
 ParOldGen       total 302080K, used 198433K [0x0000000080000000, 0x0000000092700000, 0x00000000d5580000)
  object space 302080K, 65% used [0x0000000080000000,0x000000008c1c85c8,0x0000000092700000)
 Metaspace       used 98664K, capacity 102416K, committed 102604K, reserved 1138688K
  class space    used 12795K, capacity 13502K, committed 13556K, reserved 1048576K
}
Event: 69.702 GC heap before
{Heap before GC invocations=27 (full 4):
 PSYoungGen      total 315904K, used 273222K [0x00000000d5580000, 0x00000000edb00000, 0x0000000100000000)
  eden space 244224K, 100% used [0x00000000d5580000,0x00000000e4400000,0x00000000e4400000)
  from space 71680K, 40% used [0x00000000e9500000,0x00000000eb151ac8,0x00000000edb00000)
  to   space 77312K, 0% used [0x00000000e4400000,0x00000000e4400000,0x00000000e8f80000)
 ParOldGen       total 302080K, used 198433K [0x0000000080000000, 0x0000000092700000, 0x00000000d5580000)
  object space 302080K, 65% used [0x0000000080000000,0x000000008c1c85c8,0x0000000092700000)
 Metaspace       used 108233K, capacity 113574K, committed 113740K, reserved 1146880K
  class space    used 14367K, capacity 15375K, committed 15476K, reserved 1048576K
Event: 69.899 GC heap after
Heap after GC invocations=27 (full 4):
 PSYoungGen      total 321536K, used 77304K [0x00000000d5580000, 0x00000000f4080000, 0x0000000100000000)
  eden space 244224K, 0% used [0x00000000d5580000,0x00000000d5580000,0x00000000e4400000)
  from space 77312K, 99% used [0x00000000e4400000,0x00000000e8f7e150,0x00000000e8f80000)
  to   space 99328K, 0% used [0x00000000edf80000,0x00000000edf80000,0x00000000f4080000)
 ParOldGen       total 302080K, used 222892K [0x0000000080000000, 0x0000000092700000, 0x00000000d5580000)
  object space 302080K, 73% used [0x0000000080000000,0x000000008d9ab0d0,0x0000000092700000)
 Metaspace       used 108233K, capacity 113574K, committed 113740K, reserved 1146880K
  class space    used 14367K, capacity 15375K, committed 15476K, reserved 1048576K
}
Event: 72.643 GC heap before
{Heap before GC invocations=28 (full 4):
 PSYoungGen      total 321536K, used 321528K [0x00000000d5580000, 0x00000000f4080000, 0x0000000100000000)
  eden space 244224K, 100% used [0x00000000d5580000,0x00000000e4400000,0x00000000e4400000)
  from space 77312K, 99% used [0x00000000e4400000,0x00000000e8f7e150,0x00000000e8f80000)
  to   space 99328K, 0% used [0x00000000edf80000,0x00000000edf80000,0x00000000f4080000)
 ParOldGen       total 302080K, used 222892K [0x0000000080000000, 0x0000000092700000, 0x00000000d5580000)
  object space 302080K, 73% used [0x0000000080000000,0x000000008d9ab0d0,0x0000000092700000)
 Metaspace       used 108753K, capacity 114110K, committed 114252K, reserved 1148928K
  class space    used 14376K, capacity 15387K, committed 15476K, reserved 1048576K
Event: 72.774 GC heap after
Heap after GC invocations=28 (full 4):
 PSYoungGen      total 399360K, used 41965K [0x00000000d5580000, 0x00000000f3a00000, 0x0000000100000000)
  eden space 306688K, 0% used [0x00000000d5580000,0x00000000d5580000,0x00000000e8100000)
  from space 92672K, 45% used [0x00000000edf80000,0x00000000f087b760,0x00000000f3a00000)
  to   space 94720K, 0% used [0x00000000e8100000,0x00000000e8100000,0x00000000edd80000)
 ParOldGen       total 302080K, used 283621K [0x0000000080000000, 0x0000000092700000, 0x00000000d5580000)
  object space 302080K, 93% used [0x0000000080000000,0x00000000914f9450,0x0000000092700000)
 Metaspace       used 108753K, capacity 114110K, committed 114252K, reserved 1148928K
  class space    used 14376K, capacity 15387K, committed 15476K, reserved 1048576K
}
Event: 72.774 GC heap before
{Heap before GC invocations=29 (full 5):
 PSYoungGen      total 399360K, used 41965K [0x00000000d5580000, 0x00000000f3a00000, 0x0000000100000000)
  eden space 306688K, 0% used [0x00000000d5580000,0x00000000d5580000,0x00000000e8100000)
  from space 92672K, 45% used [0x00000000edf80000,0x00000000f087b760,0x00000000f3a00000)
  to   space 94720K, 0% used [0x00000000e8100000,0x00000000e8100000,0x00000000edd80000)
 ParOldGen       total 302080K, used 283621K [0x0000000080000000, 0x0000000092700000, 0x00000000d5580000)
  object space 302080K, 93% used [0x0000000080000000,0x00000000914f9450,0x0000000092700000)
 Metaspace       used 108753K, capacity 114110K, committed 114252K, reserved 1148928K
  class space    used 14376K, capacity 15387K, committed 15476K, reserved 1048576K
Event: 73.993 GC heap after
Heap after GC invocations=29 (full 5):
 PSYoungGen      total 399360K, used 0K [0x00000000d5580000, 0x00000000f3a00000, 0x0000000100000000)
  eden space 306688K, 0% used [0x00000000d5580000,0x00000000d5580000,0x00000000e8100000)
  from space 92672K, 0% used [0x00000000edf80000,0x00000000edf80000,0x00000000f3a00000)
  to   space 94720K, 0% used [0x00000000e8100000,0x00000000e8100000,0x00000000edd80000)
 ParOldGen       total 424448K, used 197451K [0x0000000080000000, 0x0000000099e80000, 0x00000000d5580000)
  object space 424448K, 46% used [0x0000000080000000,0x000000008c0d2d08,0x0000000099e80000)
 Metaspace       used 108282K, capacity 112956K, committed 114252K, reserved 1148928K
  class space    used 14212K, capacity 15096K, committed 15476K, reserved 1048576K
}

