# JRE version: OpenJDK Runtime Environment (8.0_242-b01) (build 1.8.0_242-release-1644-b01)
# Java VM: OpenJDK 64-Bit Server VM (25.242-b01 mixed mode windows-amd64 compressed oops)
Heap:
 PSYoungGen      total 509952K, used 138258K [0x00000000d5580000, 0x00000000ffa00000, 0x0000000100000000)
  eden space 330240K, 39% used [0x00000000d5580000,0x00000000dd39c728,0x00000000e9800000)
  from space 179712K, 5% used [0x00000000f4a80000,0x00000000f5368128,0x00000000ffa00000)
  to   space 181248K, 0% used [0x00000000e9800000,0x00000000e9800000,0x00000000f4900000)
 ParOldGen       total 414208K, used 314108K [0x0000000080000000, 0x0000000099480000, 0x00000000d5580000)
  object space 414208K, 75% used [0x0000000080000000,0x00000000932bf108,0x0000000099480000)
 Metaspace       used 145096K, capacity 153372K, committed 153688K, reserved 1183744K
  class space    used 17990K, capacity 19508K, committed 19584K, reserved 1048576K
GC Heap History (10 events):
Event: 1150.905 GC heap before
{Heap before GC invocations=41 (full 5):
 PSYoungGen      total 514048K, used 358593K [0x00000000d5580000, 0x0000000100000000, 0x0000000100000000)
  eden space 329216K, 100% used [0x00000000d5580000,0x00000000e9700000,0x00000000e9700000)
  from space 184832K, 15% used [0x00000000e9700000,0x00000000eb3b0700,0x00000000f4b80000)
  to   space 181248K, 0% used [0x00000000f4f00000,0x00000000f4f00000,0x0000000100000000)
 ParOldGen       total 414208K, used 275322K [0x0000000080000000, 0x0000000099480000, 0x00000000d5580000)
  object space 414208K, 66% used [0x0000000080000000,0x0000000090cde888,0x0000000099480000)
 Metaspace       used 143963K, capacity 151306K, committed 151640K, reserved 1181696K
  class space    used 17845K, capacity 19245K, committed 19328K, reserved 1048576K
Event: 1151.023 GC heap after
Heap after GC invocations=41 (full 5):
 PSYoungGen      total 506368K, used 115495K [0x00000000d5580000, 0x0000000100000000, 0x0000000100000000)
  eden space 325120K, 0% used [0x00000000d5580000,0x00000000d5580000,0x00000000e9300000)
  from space 181248K, 63% used [0x00000000f4f00000,0x00000000fbfc9c20,0x0000000100000000)
  to   space 186880K, 0% used [0x00000000e9300000,0x00000000e9300000,0x00000000f4980000)
 ParOldGen       total 414208K, used 286712K [0x0000000080000000, 0x0000000099480000, 0x00000000d5580000)
  object space 414208K, 69% used [0x0000000080000000,0x00000000917fe0c0,0x0000000099480000)
 Metaspace       used 143963K, capacity 151306K, committed 151640K, reserved 1181696K
  class space    used 17845K, capacity 19245K, committed 19328K, reserved 1048576K
}
Event: 1268.516 GC heap before
{Heap before GC invocations=42 (full 5):
 PSYoungGen      total 506368K, used 440615K [0x00000000d5580000, 0x0000000100000000, 0x0000000100000000)
  eden space 325120K, 100% used [0x00000000d5580000,0x00000000e9300000,0x00000000e9300000)
  from space 181248K, 63% used [0x00000000f4f00000,0x00000000fbfc9c20,0x0000000100000000)
  to   space 186880K, 0% used [0x00000000e9300000,0x00000000e9300000,0x00000000f4980000)
 ParOldGen       total 414208K, used 286712K [0x0000000080000000, 0x0000000099480000, 0x00000000d5580000)
  object space 414208K, 69% used [0x0000000080000000,0x00000000917fe0c0,0x0000000099480000)
 Metaspace       used 144634K, capacity 152680K, committed 152920K, reserved 1183744K
  class space    used 17962K, capacity 19462K, committed 19584K, reserved 1048576K
Event: 1268.557 GC heap after
Heap after GC invocations=42 (full 5):
 PSYoungGen      total 512000K, used 14119K [0x00000000d5580000, 0x0000000100000000, 0x0000000100000000)
  eden space 325120K, 0% used [0x00000000d5580000,0x00000000d5580000,0x00000000e9300000)
  from space 186880K, 7% used [0x00000000e9300000,0x00000000ea0c9fd0,0x00000000f4980000)
  to   space 185856K, 0% used [0x00000000f4a80000,0x00000000f4a80000,0x0000000100000000)
 ParOldGen       total 414208K, used 296560K [0x0000000080000000, 0x0000000099480000, 0x00000000d5580000)
  object space 414208K, 71% used [0x0000000080000000,0x000000009219c158,0x0000000099480000)
 Metaspace       used 144634K, capacity 152680K, committed 152920K, reserved 1183744K
  class space    used 17962K, capacity 19462K, committed 19584K, reserved 1048576K
}
Event: 1270.087 GC heap before
{Heap before GC invocations=43 (full 5):
 PSYoungGen      total 512000K, used 339239K [0x00000000d5580000, 0x0000000100000000, 0x0000000100000000)
  eden space 325120K, 100% used [0x00000000d5580000,0x00000000e9300000,0x00000000e9300000)
  from space 186880K, 7% used [0x00000000e9300000,0x00000000ea0c9fd0,0x00000000f4980000)
  to   space 185856K, 0% used [0x00000000f4a80000,0x00000000f4a80000,0x0000000100000000)
 ParOldGen       total 414208K, used 296560K [0x0000000080000000, 0x0000000099480000, 0x00000000d5580000)
  object space 414208K, 71% used [0x0000000080000000,0x000000009219c158,0x0000000099480000)
 Metaspace       used 144712K, capacity 152894K, committed 153176K, reserved 1183744K
  class space    used 17969K, capacity 19473K, committed 19584K, reserved 1048576K
Event: 1270.215 GC heap after
Heap after GC invocations=43 (full 5):
 PSYoungGen      total 509952K, used 97805K [0x00000000d5580000, 0x00000000ffe00000, 0x0000000100000000)
  eden space 326144K, 0% used [0x00000000d5580000,0x00000000d5580000,0x00000000e9400000)
  from space 183808K, 53% used [0x00000000f4a80000,0x00000000faa037d0,0x00000000ffe00000)
  to   space 185344K, 0% used [0x00000000e9400000,0x00000000e9400000,0x00000000f4900000)
 ParOldGen       total 414208K, used 308230K [0x0000000080000000, 0x0000000099480000, 0x00000000d5580000)
  object space 414208K, 74% used [0x0000000080000000,0x0000000092d01b28,0x0000000099480000)
 Metaspace       used 144712K, capacity 152894K, committed 153176K, reserved 1183744K
  class space    used 17969K, capacity 19473K, committed 19584K, reserved 1048576K
}
Event: 1480.859 GC heap before
{Heap before GC invocations=44 (full 5):
 PSYoungGen      total 509952K, used 423949K [0x00000000d5580000, 0x00000000ffe00000, 0x0000000100000000)
  eden space 326144K, 100% used [0x00000000d5580000,0x00000000e9400000,0x00000000e9400000)
  from space 183808K, 53% used [0x00000000f4a80000,0x00000000faa037d0,0x00000000ffe00000)
  to   space 185344K, 0% used [0x00000000e9400000,0x00000000e9400000,0x00000000f4900000)
 ParOldGen       total 414208K, used 308230K [0x0000000080000000, 0x0000000099480000, 0x00000000d5580000)
  object space 414208K, 74% used [0x0000000080000000,0x0000000092d01b28,0x0000000099480000)
 Metaspace       used 144865K, capacity 153086K, committed 153432K, reserved 1183744K
  class space    used 17975K, capacity 19483K, committed 19584K, reserved 1048576K
Event: 1480.879 GC heap after
Heap after GC invocations=44 (full 5):
 PSYoungGen      total 511488K, used 16478K [0x00000000d5580000, 0x00000000ffd80000, 0x0000000100000000)
  eden space 326144K, 0% used [0x00000000d5580000,0x00000000d5580000,0x00000000e9400000)
  from space 185344K, 8% used [0x00000000e9400000,0x00000000ea417968,0x00000000f4900000)
  to   space 183296K, 0% used [0x00000000f4a80000,0x00000000f4a80000,0x00000000ffd80000)
 ParOldGen       total 414208K, used 313450K [0x0000000080000000, 0x0000000099480000, 0x00000000d5580000)
  object space 414208K, 75% used [0x0000000080000000,0x000000009321aad8,0x0000000099480000)
 Metaspace       used 144865K, capacity 153086K, committed 153432K, reserved 1183744K
  class space    used 17975K, capacity 19483K, committed 19584K, reserved 1048576K
}
Event: 1495.814 GC heap before
{Heap before GC invocations=45 (full 5):
 PSYoungGen      total 511488K, used 342622K [0x00000000d5580000, 0x00000000ffd80000, 0x0000000100000000)
  eden space 326144K, 100% used [0x00000000d5580000,0x00000000e9400000,0x00000000e9400000)
  from space 185344K, 8% used [0x00000000e9400000,0x00000000ea417968,0x00000000f4900000)
  to   space 183296K, 0% used [0x00000000f4a80000,0x00000000f4a80000,0x00000000ffd80000)
 ParOldGen       total 414208K, used 313450K [0x0000000080000000, 0x0000000099480000, 0x00000000d5580000)
  object space 414208K, 75% used [0x0000000080000000,0x000000009321aad8,0x0000000099480000)
 Metaspace       used 145031K, capacity 153362K, committed 153688K, reserved 1183744K
  class space    used 17990K, capacity 19507K, committed 19584K, reserved 1048576K
Event: 1495.831 GC heap after
Heap after GC invocations=45 (full 5):
 PSYoungGen      total 509952K, used 9120K [0x00000000d5580000, 0x00000000ffa00000, 0x0000000100000000)
  eden space 330240K, 0% used [0x00000000d5580000,0x00000000d5580000,0x00000000e9800000)
  from space 179712K, 5% used [0x00000000f4a80000,0x00000000f5368128,0x00000000ffa00000)
  to   space 181248K, 0% used [0x00000000e9800000,0x00000000e9800000,0x00000000f4900000)
 ParOldGen       total 414208K, used 314108K [0x0000000080000000, 0x0000000099480000, 0x00000000d5580000)
  object space 414208K, 75% used [0x0000000080000000,0x00000000932bf108,0x0000000099480000)
 Metaspace       used 145031K, capacity 153362K, committed 153688K, reserved 1183744K
  class space    used 17990K, capacity 19507K, committed 19584K, reserved 1048576K
}

