# JRE version: OpenJDK Runtime Environment (8.0_242-b01) (build 1.8.0_242-release-1644-b01)
# Java VM: OpenJDK 64-Bit Server VM (25.242-b01 mixed mode windows-amd64 compressed oops)
Heap:
 PSYoungGen      total 225792K, used 39104K [0x00000000d5580000, 0x00000000e6a00000, 0x0000000100000000)
  eden space 205824K, 18% used [0x00000000d5580000,0x00000000d7bb03c8,0x00000000e1e80000)
  from space 19968K, 0% used [0x00000000e4280000,0x00000000e4280000,0x00000000e5600000)
  to   space 20480K, 0% used [0x00000000e5600000,0x00000000e5600000,0x00000000e6a00000)
 ParOldGen       total 136704K, used 58770K [0x0000000080000000, 0x0000000088580000, 0x00000000d5580000)
  object space 136704K, 42% used [0x0000000080000000,0x0000000083964970,0x0000000088580000)
 Metaspace       used 90747K, capacity 94794K, committed 96384K, reserved 1132544K
  class space    used 12098K, capacity 12892K, committed 13184K, reserved 1048576K
GC Heap History (10 events):
Event: 38.830 GC heap before
{Heap before GC invocations=17 (full 3):
 PSYoungGen      total 194048K, used 194039K [0x00000000d5580000, 0x00000000e4f80000, 0x0000000100000000)
  eden space 177152K, 100% used [0x00000000d5580000,0x00000000e0280000,0x00000000e0280000)
  from space 16896K, 99% used [0x00000000e0280000,0x00000000e12fdea8,0x00000000e1300000)
  to   space 19456K, 0% used [0x00000000e3c80000,0x00000000e3c80000,0x00000000e4f80000)
 ParOldGen       total 136704K, used 36672K [0x0000000080000000, 0x0000000088580000, 0x00000000d5580000)
  object space 136704K, 26% used [0x0000000080000000,0x00000000823d00c8,0x0000000088580000)
 Metaspace       used 76060K, capacity 79442K, committed 79744K, reserved 1118208K
  class space    used 10396K, capacity 11044K, committed 11136K, reserved 1048576K
Event: 38.861 GC heap after
Heap after GC invocations=17 (full 3):
 PSYoungGen      total 232448K, used 17613K [0x00000000d5580000, 0x00000000e4f80000, 0x0000000100000000)
  eden space 212992K, 0% used [0x00000000d5580000,0x00000000d5580000,0x00000000e2580000)
  from space 19456K, 90% used [0x00000000e3c80000,0x00000000e4db35c8,0x00000000e4f80000)
  to   space 21504K, 0% used [0x00000000e2580000,0x00000000e2580000,0x00000000e3a80000)
 ParOldGen       total 136704K, used 45565K [0x0000000080000000, 0x0000000088580000, 0x00000000d5580000)
  object space 136704K, 33% used [0x0000000080000000,0x0000000082c7f628,0x0000000088580000)
 Metaspace       used 76060K, capacity 79442K, committed 79744K, reserved 1118208K
  class space    used 10396K, capacity 11044K, committed 11136K, reserved 1048576K
}
Event: 45.632 GC heap before
{Heap before GC invocations=18 (full 3):
 PSYoungGen      total 232448K, used 230605K [0x00000000d5580000, 0x00000000e4f80000, 0x0000000100000000)
  eden space 212992K, 100% used [0x00000000d5580000,0x00000000e2580000,0x00000000e2580000)
  from space 19456K, 90% used [0x00000000e3c80000,0x00000000e4db35c8,0x00000000e4f80000)
  to   space 21504K, 0% used [0x00000000e2580000,0x00000000e2580000,0x00000000e3a80000)
 ParOldGen       total 136704K, used 45565K [0x0000000080000000, 0x0000000088580000, 0x00000000d5580000)
  object space 136704K, 33% used [0x0000000080000000,0x0000000082c7f628,0x0000000088580000)
 Metaspace       used 87681K, capacity 92034K, committed 92288K, reserved 1128448K
  class space    used 11762K, capacity 12652K, committed 12672K, reserved 1048576K
Event: 45.694 GC heap after
Heap after GC invocations=18 (full 3):
 PSYoungGen      total 234496K, used 21478K [0x00000000d5580000, 0x00000000e8480000, 0x0000000100000000)
  eden space 212992K, 0% used [0x00000000d5580000,0x00000000d5580000,0x00000000e2580000)
  from space 21504K, 99% used [0x00000000e2580000,0x00000000e3a79848,0x00000000e3a80000)
  to   space 27648K, 0% used [0x00000000e6980000,0x00000000e6980000,0x00000000e8480000)
 ParOldGen       total 136704K, used 54666K [0x0000000080000000, 0x0000000088580000, 0x00000000d5580000)
  object space 136704K, 39% used [0x0000000080000000,0x00000000835629e0,0x0000000088580000)
 Metaspace       used 87681K, capacity 92034K, committed 92288K, reserved 1128448K
  class space    used 11762K, capacity 12652K, committed 12672K, reserved 1048576K
}
Event: 8254.856 GC heap before
{Heap before GC invocations=19 (full 3):
 PSYoungGen      total 234496K, used 234470K [0x00000000d5580000, 0x00000000e8480000, 0x0000000100000000)
  eden space 212992K, 100% used [0x00000000d5580000,0x00000000e2580000,0x00000000e2580000)
  from space 21504K, 99% used [0x00000000e2580000,0x00000000e3a79848,0x00000000e3a80000)
  to   space 27648K, 0% used [0x00000000e6980000,0x00000000e6980000,0x00000000e8480000)
 ParOldGen       total 136704K, used 54666K [0x0000000080000000, 0x0000000088580000, 0x00000000d5580000)
  object space 136704K, 39% used [0x0000000080000000,0x00000000835629e0,0x0000000088580000)
 Metaspace       used 89254K, capacity 93686K, committed 93952K, reserved 1130496K
  class space    used 11888K, capacity 12786K, committed 12800K, reserved 1048576K
Event: 8254.905 GC heap after
Heap after GC invocations=19 (full 3):
 PSYoungGen      total 218112K, used 12192K [0x00000000d5580000, 0x00000000e7580000, 0x0000000100000000)
  eden space 205824K, 0% used [0x00000000d5580000,0x00000000d5580000,0x00000000e1e80000)
  from space 12288K, 99% used [0x00000000e6980000,0x00000000e75680b8,0x00000000e7580000)
  to   space 26112K, 0% used [0x00000000e4280000,0x00000000e4280000,0x00000000e5c00000)
 ParOldGen       total 136704K, used 70812K [0x0000000080000000, 0x0000000088580000, 0x00000000d5580000)
  object space 136704K, 51% used [0x0000000080000000,0x00000000845271a0,0x0000000088580000)
 Metaspace       used 89254K, capacity 93686K, committed 93952K, reserved 1130496K
  class space    used 11888K, capacity 12786K, committed 12800K, reserved 1048576K
}
Event: 8260.481 GC heap before
{Heap before GC invocations=20 (full 3):
 PSYoungGen      total 218112K, used 117936K [0x00000000d5580000, 0x00000000e7580000, 0x0000000100000000)
  eden space 205824K, 51% used [0x00000000d5580000,0x00000000dbcc41f8,0x00000000e1e80000)
  from space 12288K, 99% used [0x00000000e6980000,0x00000000e75680b8,0x00000000e7580000)
  to   space 26112K, 0% used [0x00000000e4280000,0x00000000e4280000,0x00000000e5c00000)
 ParOldGen       total 136704K, used 70812K [0x0000000080000000, 0x0000000088580000, 0x00000000d5580000)
  object space 136704K, 51% used [0x0000000080000000,0x00000000845271a0,0x0000000088580000)
 Metaspace       used 91187K, capacity 95746K, committed 95872K, reserved 1132544K
  class space    used 12178K, capacity 13117K, committed 13184K, reserved 1048576K
Event: 8260.508 GC heap after
Heap after GC invocations=20 (full 3):
 PSYoungGen      total 225792K, used 19666K [0x00000000d5580000, 0x00000000e6a00000, 0x0000000100000000)
  eden space 205824K, 0% used [0x00000000d5580000,0x00000000d5580000,0x00000000e1e80000)
  from space 19968K, 98% used [0x00000000e4280000,0x00000000e55b4bb0,0x00000000e5600000)
  to   space 20480K, 0% used [0x00000000e5600000,0x00000000e5600000,0x00000000e6a00000)
 ParOldGen       total 136704K, used 70820K [0x0000000080000000, 0x0000000088580000, 0x00000000d5580000)
  object space 136704K, 51% used [0x0000000080000000,0x00000000845291a0,0x0000000088580000)
 Metaspace       used 91187K, capacity 95746K, committed 95872K, reserved 1132544K
  class space    used 12178K, capacity 13117K, committed 13184K, reserved 1048576K
}
Event: 8260.508 GC heap before
{Heap before GC invocations=21 (full 4):
 PSYoungGen      total 225792K, used 19666K [0x00000000d5580000, 0x00000000e6a00000, 0x0000000100000000)
  eden space 205824K, 0% used [0x00000000d5580000,0x00000000d5580000,0x00000000e1e80000)
  from space 19968K, 98% used [0x00000000e4280000,0x00000000e55b4bb0,0x00000000e5600000)
  to   space 20480K, 0% used [0x00000000e5600000,0x00000000e5600000,0x00000000e6a00000)
 ParOldGen       total 136704K, used 70820K [0x0000000080000000, 0x0000000088580000, 0x00000000d5580000)
  object space 136704K, 51% used [0x0000000080000000,0x00000000845291a0,0x0000000088580000)
 Metaspace       used 91187K, capacity 95746K, committed 95872K, reserved 1132544K
  class space    used 12178K, capacity 13117K, committed 13184K, reserved 1048576K
Event: 8261.027 GC heap after
Heap after GC invocations=21 (full 4):
 PSYoungGen      total 225792K, used 0K [0x00000000d5580000, 0x00000000e6a00000, 0x0000000100000000)
  eden space 205824K, 0% used [0x00000000d5580000,0x00000000d5580000,0x00000000e1e80000)
  from space 19968K, 0% used [0x00000000e4280000,0x00000000e4280000,0x00000000e5600000)
  to   space 20480K, 0% used [0x00000000e5600000,0x00000000e5600000,0x00000000e6a00000)
 ParOldGen       total 136704K, used 58770K [0x0000000080000000, 0x0000000088580000, 0x00000000d5580000)
  object space 136704K, 42% used [0x0000000080000000,0x0000000083964970,0x0000000088580000)
 Metaspace       used 90274K, capacity 94148K, committed 95872K, reserved 1132544K
  class space    used 12007K, capacity 12805K, committed 13184K, reserved 1048576K
}

