# JRE version: OpenJDK Runtime Environment (8.0_242-b01) (build 1.8.0_242-release-1644-b01)
# Java VM: OpenJDK 64-Bit Server VM (25.242-b01 mixed mode windows-amd64 compressed oops)
Heap:
 PSYoungGen      total 151552K, used 30790K [0x00000000d5c00000, 0x00000000e3380000, 0x0000000100000000)
  eden space 116224K, 26% used [0x00000000d5c00000,0x00000000d7a118a0,0x00000000dcd80000)
  from space 35328K, 0% used [0x00000000e1100000,0x00000000e1100000,0x00000000e3380000)
  to   space 27136K, 0% used [0x00000000dcd80000,0x00000000dcd80000,0x00000000de800000)
 ParOldGen       total 139264K, used 58362K [0x0000000081400000, 0x0000000089c00000, 0x00000000d5c00000)
  object space 139264K, 41% used [0x0000000081400000,0x0000000084cfebd8,0x0000000089c00000)
 Metaspace       used 59299K, capacity 60508K, committed 60632K, reserved 1101824K
  class space    used 7120K, capacity 7400K, committed 7424K, reserved 1048576K
GC Heap History (10 events):
Event: 3.884 GC heap before
{Heap before GC invocations=7 (full 2):
 PSYoungGen      total 126464K, used 5091K [0x00000000d5c00000, 0x00000000dfd80000, 0x0000000100000000)
  eden space 121344K, 0% used [0x00000000d5c00000,0x00000000d5c00000,0x00000000dd280000)
  from space 5120K, 99% used [0x00000000dde00000,0x00000000de2f8c60,0x00000000de300000)
  to   space 22016K, 0% used [0x00000000de800000,0x00000000de800000,0x00000000dfd80000)
 ParOldGen       total 94720K, used 39650K [0x0000000081400000, 0x0000000087080000, 0x00000000d5c00000)
  object space 94720K, 41% used [0x0000000081400000,0x0000000083ab8810,0x0000000087080000)
 Metaspace       used 34659K, capacity 35138K, committed 35416K, reserved 1081344K
  class space    used 4333K, capacity 4476K, committed 4480K, reserved 1048576K
Event: 3.993 GC heap after
Heap after GC invocations=7 (full 2):
 PSYoungGen      total 126464K, used 0K [0x00000000d5c00000, 0x00000000dfd80000, 0x0000000100000000)
  eden space 121344K, 0% used [0x00000000d5c00000,0x00000000d5c00000,0x00000000dd280000)
  from space 5120K, 0% used [0x00000000dde00000,0x00000000dde00000,0x00000000de300000)
  to   space 22016K, 0% used [0x00000000de800000,0x00000000de800000,0x00000000dfd80000)
 ParOldGen       total 139264K, used 32989K [0x0000000081400000, 0x0000000089c00000, 0x00000000d5c00000)
  object space 139264K, 23% used [0x0000000081400000,0x0000000083437720,0x0000000089c00000)
 Metaspace       used 34659K, capacity 35138K, committed 35416K, reserved 1081344K
  class space    used 4333K, capacity 4476K, committed 4480K, reserved 1048576K
}
Event: 6.617 GC heap before
{Heap before GC invocations=8 (full 2):
 PSYoungGen      total 126464K, used 121344K [0x00000000d5c00000, 0x00000000dfd80000, 0x0000000100000000)
  eden space 121344K, 100% used [0x00000000d5c00000,0x00000000dd280000,0x00000000dd280000)
  from space 5120K, 0% used [0x00000000dde00000,0x00000000dde00000,0x00000000de300000)
  to   space 22016K, 0% used [0x00000000de800000,0x00000000de800000,0x00000000dfd80000)
 ParOldGen       total 139264K, used 32989K [0x0000000081400000, 0x0000000089c00000, 0x00000000d5c00000)
  object space 139264K, 23% used [0x0000000081400000,0x0000000083437720,0x0000000089c00000)
 Metaspace       used 47375K, capacity 48302K, committed 48600K, reserved 1091584K
  class space    used 5732K, capacity 6017K, committed 6144K, reserved 1048576K
Event: 6.648 GC heap after
Heap after GC invocations=8 (full 2):
 PSYoungGen      total 138240K, used 21984K [0x00000000d5c00000, 0x00000000e2d00000, 0x0000000100000000)
  eden space 116224K, 0% used [0x00000000d5c00000,0x00000000d5c00000,0x00000000dcd80000)
  from space 22016K, 99% used [0x00000000de800000,0x00000000dfd78038,0x00000000dfd80000)
  to   space 27136K, 0% used [0x00000000dcd80000,0x00000000dcd80000,0x00000000de800000)
 ParOldGen       total 139264K, used 36614K [0x0000000081400000, 0x0000000089c00000, 0x00000000d5c00000)
  object space 139264K, 26% used [0x0000000081400000,0x00000000837c1a20,0x0000000089c00000)
 Metaspace       used 47375K, capacity 48302K, committed 48600K, reserved 1091584K
  class space    used 5732K, capacity 6017K, committed 6144K, reserved 1048576K
}
Event: 10.432 GC heap before
{Heap before GC invocations=9 (full 2):
 PSYoungGen      total 138240K, used 138208K [0x00000000d5c00000, 0x00000000e2d00000, 0x0000000100000000)
  eden space 116224K, 100% used [0x00000000d5c00000,0x00000000dcd80000,0x00000000dcd80000)
  from space 22016K, 99% used [0x00000000de800000,0x00000000dfd78038,0x00000000dfd80000)
  to   space 27136K, 0% used [0x00000000dcd80000,0x00000000dcd80000,0x00000000de800000)
 ParOldGen       total 139264K, used 36614K [0x0000000081400000, 0x0000000089c00000, 0x00000000d5c00000)
  object space 139264K, 26% used [0x0000000081400000,0x00000000837c1a20,0x0000000089c00000)
 Metaspace       used 55375K, capacity 56460K, committed 56664K, reserved 1099776K
  class space    used 6696K, capacity 6976K, committed 7040K, reserved 1048576K
Event: 10.479 GC heap after
Heap after GC invocations=9 (full 2):
 PSYoungGen      total 143360K, used 27126K [0x00000000d5c00000, 0x00000000e3380000, 0x0000000100000000)
  eden space 116224K, 0% used [0x00000000d5c00000,0x00000000d5c00000,0x00000000dcd80000)
  from space 27136K, 99% used [0x00000000dcd80000,0x00000000de7fdbe0,0x00000000de800000)
  to   space 35328K, 0% used [0x00000000e1100000,0x00000000e1100000,0x00000000e3380000)
 ParOldGen       total 139264K, used 44212K [0x0000000081400000, 0x0000000089c00000, 0x00000000d5c00000)
  object space 139264K, 31% used [0x0000000081400000,0x0000000083f2d280,0x0000000089c00000)
 Metaspace       used 55375K, capacity 56460K, committed 56664K, reserved 1099776K
  class space    used 6696K, capacity 6976K, committed 7040K, reserved 1048576K
}
Event: 11.595 GC heap before
{Heap before GC invocations=10 (full 2):
 PSYoungGen      total 143360K, used 52572K [0x00000000d5c00000, 0x00000000e3380000, 0x0000000100000000)
  eden space 116224K, 21% used [0x00000000d5c00000,0x00000000d74d9658,0x00000000dcd80000)
  from space 27136K, 99% used [0x00000000dcd80000,0x00000000de7fdbe0,0x00000000de800000)
  to   space 35328K, 0% used [0x00000000e1100000,0x00000000e1100000,0x00000000e3380000)
 ParOldGen       total 139264K, used 44212K [0x0000000081400000, 0x0000000089c00000, 0x00000000d5c00000)
  object space 139264K, 31% used [0x0000000081400000,0x0000000083f2d280,0x0000000089c00000)
 Metaspace       used 57754K, capacity 58948K, committed 58968K, reserved 1101824K
  class space    used 6999K, capacity 7296K, committed 7296K, reserved 1048576K
Event: 11.643 GC heap after
Heap after GC invocations=10 (full 2):
 PSYoungGen      total 151552K, used 30495K [0x00000000d5c00000, 0x00000000e3380000, 0x0000000100000000)
  eden space 116224K, 0% used [0x00000000d5c00000,0x00000000d5c00000,0x00000000dcd80000)
  from space 35328K, 86% used [0x00000000e1100000,0x00000000e2ec7cb0,0x00000000e3380000)
  to   space 27136K, 0% used [0x00000000dcd80000,0x00000000dcd80000,0x00000000de800000)
 ParOldGen       total 139264K, used 44220K [0x0000000081400000, 0x0000000089c00000, 0x00000000d5c00000)
  object space 139264K, 31% used [0x0000000081400000,0x0000000083f2f280,0x0000000089c00000)
 Metaspace       used 57754K, capacity 58948K, committed 58968K, reserved 1101824K
  class space    used 6999K, capacity 7296K, committed 7296K, reserved 1048576K
}
Event: 11.643 GC heap before
{Heap before GC invocations=11 (full 3):
 PSYoungGen      total 151552K, used 30495K [0x00000000d5c00000, 0x00000000e3380000, 0x0000000100000000)
  eden space 116224K, 0% used [0x00000000d5c00000,0x00000000d5c00000,0x00000000dcd80000)
  from space 35328K, 86% used [0x00000000e1100000,0x00000000e2ec7cb0,0x00000000e3380000)
  to   space 27136K, 0% used [0x00000000dcd80000,0x00000000dcd80000,0x00000000de800000)
 ParOldGen       total 139264K, used 44220K [0x0000000081400000, 0x0000000089c00000, 0x00000000d5c00000)
  object space 139264K, 31% used [0x0000000081400000,0x0000000083f2f280,0x0000000089c00000)
 Metaspace       used 57754K, capacity 58948K, committed 58968K, reserved 1101824K
  class space    used 6999K, capacity 7296K, committed 7296K, reserved 1048576K
Event: 11.963 GC heap after
Heap after GC invocations=11 (full 3):
 PSYoungGen      total 151552K, used 0K [0x00000000d5c00000, 0x00000000e3380000, 0x0000000100000000)
  eden space 116224K, 0% used [0x00000000d5c00000,0x00000000d5c00000,0x00000000dcd80000)
  from space 35328K, 0% used [0x00000000e1100000,0x00000000e1100000,0x00000000e3380000)
  to   space 27136K, 0% used [0x00000000dcd80000,0x00000000dcd80000,0x00000000de800000)
 ParOldGen       total 139264K, used 58362K [0x0000000081400000, 0x0000000089c00000, 0x00000000d5c00000)
  object space 139264K, 41% used [0x0000000081400000,0x0000000084cfebd8,0x0000000089c00000)
 Metaspace       used 57754K, capacity 58948K, committed 58968K, reserved 1101824K
  class space    used 6999K, capacity 7296K, committed 7296K, reserved 1048576K
}

