# JRE version: OpenJDK Runtime Environment (8.0_242-b01) (build 1.8.0_242-release-1644-b01)
# Java VM: OpenJDK 64-Bit Server VM (25.242-b01 mixed mode windows-amd64 compressed oops)
Heap:
 PSYoungGen      total 507904K, used 89744K [0x00000000d5580000, 0x00000000fd880000, 0x0000000100000000)
  eden space 458752K, 19% used [0x00000000d5580000,0x00000000dad24140,0x00000000f1580000)
  from space 49152K, 0% used [0x00000000f1580000,0x00000000f1580000,0x00000000f4580000)
  to   space 65024K, 0% used [0x00000000f9900000,0x00000000f9900000,0x00000000fd880000)
 ParOldGen       total 265728K, used 143482K [0x0000000080000000, 0x0000000090380000, 0x00000000d5580000)
  object space 265728K, 53% used [0x0000000080000000,0x0000000088c1eb20,0x0000000090380000)
 Metaspace       used 121248K, capacity 126352K, committed 127256K, reserved 1159168K
  class space    used 15407K, capacity 16404K, committed 16664K, reserved 1048576K
GC Heap History (10 events):
Event: 165.735 GC heap before
{Heap before GC invocations=20 (full 5):
 PSYoungGen      total 395264K, used 371712K [0x00000000d5580000, 0x00000000efa80000, 0x0000000100000000)
  eden space 371712K, 100% used [0x00000000d5580000,0x00000000ec080000,0x00000000ec080000)
  from space 23552K, 0% used [0x00000000ee380000,0x00000000ee380000,0x00000000efa80000)
  to   space 29696K, 61% used [0x00000000ec080000,0x00000000ed25aae8,0x00000000edd80000)
 ParOldGen       total 213504K, used 132686K [0x0000000080000000, 0x000000008d080000, 0x00000000d5580000)
  object space 213504K, 62% used [0x0000000080000000,0x0000000088193bb0,0x000000008d080000)
 Metaspace       used 97697K, capacity 101338K, committed 101528K, reserved 1138688K
  class space    used 12523K, capacity 13204K, committed 13208K, reserved 1048576K
Event: 165.989 GC heap after
Heap after GC invocations=20 (full 5):
 PSYoungGen      total 395264K, used 0K [0x00000000d5580000, 0x00000000efa80000, 0x0000000100000000)
  eden space 371712K, 0% used [0x00000000d5580000,0x00000000d5580000,0x00000000ec080000)
  from space 23552K, 0% used [0x00000000ee380000,0x00000000ee380000,0x00000000efa80000)
  to   space 29696K, 0% used [0x00000000ec080000,0x00000000ec080000,0x00000000edd80000)
 ParOldGen       total 167936K, used 76820K [0x0000000080000000, 0x000000008a400000, 0x00000000d5580000)
  object space 167936K, 45% used [0x0000000080000000,0x0000000084b05080,0x000000008a400000)
 Metaspace       used 97697K, capacity 101338K, committed 101528K, reserved 1138688K
  class space    used 12523K, capacity 13204K, committed 13208K, reserved 1048576K
}
Event: 172.772 GC heap before
{Heap before GC invocations=21 (full 5):
 PSYoungGen      total 395264K, used 371712K [0x00000000d5580000, 0x00000000efa80000, 0x0000000100000000)
  eden space 371712K, 100% used [0x00000000d5580000,0x00000000ec080000,0x00000000ec080000)
  from space 23552K, 0% used [0x00000000ee380000,0x00000000ee380000,0x00000000efa80000)
  to   space 29696K, 0% used [0x00000000ec080000,0x00000000ec080000,0x00000000edd80000)
 ParOldGen       total 167936K, used 76820K [0x0000000080000000, 0x000000008a400000, 0x00000000d5580000)
  object space 167936K, 45% used [0x0000000080000000,0x0000000084b05080,0x000000008a400000)
 Metaspace       used 106418K, capacity 110276K, committed 110488K, reserved 1144832K
  class space    used 13475K, capacity 14223K, committed 14232K, reserved 1048576K
Event: 172.845 GC heap after
Heap after GC invocations=21 (full 5):
 PSYoungGen      total 401408K, used 29674K [0x00000000d5580000, 0x00000000f9c00000, 0x0000000100000000)
  eden space 371712K, 0% used [0x00000000d5580000,0x00000000d5580000,0x00000000ec080000)
  from space 29696K, 99% used [0x00000000ec080000,0x00000000edd7a9a8,0x00000000edd80000)
  to   space 51200K, 0% used [0x00000000f6a00000,0x00000000f6a00000,0x00000000f9c00000)
 ParOldGen       total 167936K, used 122139K [0x0000000080000000, 0x000000008a400000, 0x00000000d5580000)
  object space 167936K, 72% used [0x0000000080000000,0x0000000087746df8,0x000000008a400000)
 Metaspace       used 106418K, capacity 110276K, committed 110488K, reserved 1144832K
  class space    used 13475K, capacity 14223K, committed 14232K, reserved 1048576K
}
Event: 184.024 GC heap before
{Heap before GC invocations=22 (full 5):
 PSYoungGen      total 401408K, used 401386K [0x00000000d5580000, 0x00000000f9c00000, 0x0000000100000000)
  eden space 371712K, 100% used [0x00000000d5580000,0x00000000ec080000,0x00000000ec080000)
  from space 29696K, 99% used [0x00000000ec080000,0x00000000edd7a9a8,0x00000000edd80000)
  to   space 51200K, 0% used [0x00000000f6a00000,0x00000000f6a00000,0x00000000f9c00000)
 ParOldGen       total 167936K, used 122139K [0x0000000080000000, 0x000000008a400000, 0x00000000d5580000)
  object space 167936K, 72% used [0x0000000080000000,0x0000000087746df8,0x000000008a400000)
 Metaspace       used 110580K, capacity 114724K, committed 114968K, reserved 1148928K
  class space    used 13929K, capacity 14756K, committed 14872K, reserved 1048576K
Event: 184.080 GC heap after
Heap after GC invocations=22 (full 5):
 PSYoungGen      total 456704K, used 11651K [0x00000000d5580000, 0x00000000f7580000, 0x0000000100000000)
  eden space 444928K, 0% used [0x00000000d5580000,0x00000000d5580000,0x00000000f0800000)
  from space 11776K, 98% used [0x00000000f6a00000,0x00000000f7560cd0,0x00000000f7580000)
  to   space 49152K, 0% used [0x00000000f1580000,0x00000000f1580000,0x00000000f4580000)
 ParOldGen       total 167936K, used 135710K [0x0000000080000000, 0x000000008a400000, 0x00000000d5580000)
  object space 167936K, 80% used [0x0000000080000000,0x0000000088487908,0x000000008a400000)
 Metaspace       used 110580K, capacity 114724K, committed 114968K, reserved 1148928K
  class space    used 13929K, capacity 14756K, committed 14872K, reserved 1048576K
}
Event: 189.822 GC heap before
{Heap before GC invocations=23 (full 5):
 PSYoungGen      total 456704K, used 456579K [0x00000000d5580000, 0x00000000f7580000, 0x0000000100000000)
  eden space 444928K, 100% used [0x00000000d5580000,0x00000000f0800000,0x00000000f0800000)
  from space 11776K, 98% used [0x00000000f6a00000,0x00000000f7560cd0,0x00000000f7580000)
  to   space 49152K, 0% used [0x00000000f1580000,0x00000000f1580000,0x00000000f4580000)
 ParOldGen       total 167936K, used 135710K [0x0000000080000000, 0x000000008a400000, 0x00000000d5580000)
  object space 167936K, 80% used [0x0000000080000000,0x0000000088487908,0x000000008a400000)
 Metaspace       used 119864K, capacity 125338K, committed 125592K, reserved 1159168K
  class space    used 15395K, capacity 16515K, committed 16536K, reserved 1048576K
Event: 189.915 GC heap after
Heap after GC invocations=23 (full 5):
 PSYoungGen      total 507904K, used 49131K [0x00000000d5580000, 0x00000000fd880000, 0x0000000100000000)
  eden space 458752K, 0% used [0x00000000d5580000,0x00000000d5580000,0x00000000f1580000)
  from space 49152K, 99% used [0x00000000f1580000,0x00000000f457ad08,0x00000000f4580000)
  to   space 65024K, 0% used [0x00000000f9900000,0x00000000f9900000,0x00000000fd880000)
 ParOldGen       total 167936K, used 155414K [0x0000000080000000, 0x000000008a400000, 0x00000000d5580000)
  object space 167936K, 92% used [0x0000000080000000,0x00000000897c58a8,0x000000008a400000)
 Metaspace       used 119864K, capacity 125338K, committed 125592K, reserved 1159168K
  class space    used 15395K, capacity 16515K, committed 16536K, reserved 1048576K
}
Event: 189.915 GC heap before
{Heap before GC invocations=24 (full 6):
 PSYoungGen      total 507904K, used 49131K [0x00000000d5580000, 0x00000000fd880000, 0x0000000100000000)
  eden space 458752K, 0% used [0x00000000d5580000,0x00000000d5580000,0x00000000f1580000)
  from space 49152K, 99% used [0x00000000f1580000,0x00000000f457ad08,0x00000000f4580000)
  to   space 65024K, 0% used [0x00000000f9900000,0x00000000f9900000,0x00000000fd880000)
 ParOldGen       total 167936K, used 155414K [0x0000000080000000, 0x000000008a400000, 0x00000000d5580000)
  object space 167936K, 92% used [0x0000000080000000,0x00000000897c58a8,0x000000008a400000)
 Metaspace       used 119864K, capacity 125338K, committed 125592K, reserved 1159168K
  class space    used 15395K, capacity 16515K, committed 16536K, reserved 1048576K
Event: 190.399 GC heap after
Heap after GC invocations=24 (full 6):
 PSYoungGen      total 507904K, used 0K [0x00000000d5580000, 0x00000000fd880000, 0x0000000100000000)
  eden space 458752K, 0% used [0x00000000d5580000,0x00000000d5580000,0x00000000f1580000)
  from space 49152K, 0% used [0x00000000f1580000,0x00000000f1580000,0x00000000f4580000)
  to   space 65024K, 0% used [0x00000000f9900000,0x00000000f9900000,0x00000000fd880000)
 ParOldGen       total 265728K, used 143482K [0x0000000080000000, 0x0000000090380000, 0x00000000d5580000)
  object space 265728K, 53% used [0x0000000080000000,0x0000000088c1eb20,0x0000000090380000)
 Metaspace       used 119321K, capacity 124096K, committed 125592K, reserved 1159168K
  class space    used 15202K, capacity 16170K, committed 16536K, reserved 1048576K
}

