# JRE version: OpenJDK Runtime Environment (8.0_242-b01) (build 1.8.0_242-release-1644-b01)
# Java VM: OpenJDK 64-Bit Server VM (25.242-b01 mixed mode windows-amd64 compressed oops)
Heap:
 PSYoungGen      total 605184K, used 555121K [0x00000000d5580000, 0x0000000100000000, 0x0000000100000000)
  eden space 531968K, 90% used [0x00000000d5580000,0x00000000f2c2eb38,0x00000000f5d00000)
  from space 73216K, 99% used [0x00000000f5d00000,0x00000000fa46da98,0x00000000fa480000)
  to   space 93696K, 0% used [0x00000000fa480000,0x00000000fa480000,0x0000000100000000)
 ParOldGen       total 386560K, used 147495K [0x0000000080000000, 0x0000000097980000, 0x00000000d5580000)
  object space 386560K, 38% used [0x0000000080000000,0x0000000089009dc0,0x0000000097980000)
 Metaspace       used 153332K, capacity 159966K, committed 160256K, reserved 1187840K
  class space    used 19583K, capacity 20853K, committed 20992K, reserved 1048576K
GC Heap History (10 events):
Event: 6589.737 GC heap before
{Heap before GC invocations=51 (full 5):
 PSYoungGen      total 644096K, used 631946K [0x00000000d5580000, 0x0000000100000000, 0x0000000100000000)
  eden space 595968K, 100% used [0x00000000d5580000,0x00000000f9b80000,0x00000000f9b80000)
  from space 48128K, 74% used [0x00000000f9b80000,0x00000000fbea2838,0x00000000fca80000)
  to   space 51712K, 0% used [0x00000000fcd80000,0x00000000fcd80000,0x0000000100000000)
 ParOldGen       total 340480K, used 190762K [0x0000000080000000, 0x0000000094c80000, 0x00000000d5580000)
  object space 340480K, 56% used [0x0000000080000000,0x000000008ba4a9c8,0x0000000094c80000)
 Metaspace       used 129716K, capacity 135606K, committed 136576K, reserved 1167360K
  class space    used 17012K, capacity 18180K, committed 18560K, reserved 1048576K
Event: 6589.787 GC heap after
Heap after GC invocations=51 (full 5):
 PSYoungGen      total 648192K, used 9737K [0x00000000d5580000, 0x0000000100000000, 0x0000000100000000)
  eden space 596480K, 0% used [0x00000000d5580000,0x00000000d5580000,0x00000000f9c00000)
  from space 51712K, 18% used [0x00000000fcd80000,0x00000000fd7027e8,0x0000000100000000)
  to   space 50688K, 0% used [0x00000000f9c00000,0x00000000f9c00000,0x00000000fcd80000)
 ParOldGen       total 340480K, used 203005K [0x0000000080000000, 0x0000000094c80000, 0x00000000d5580000)
  object space 340480K, 59% used [0x0000000080000000,0x000000008c63f560,0x0000000094c80000)
 Metaspace       used 129716K, capacity 135606K, committed 136576K, reserved 1167360K
  class space    used 17012K, capacity 18180K, committed 18560K, reserved 1048576K
}
Event: 6595.519 GC heap before
{Heap before GC invocations=52 (full 5):
 PSYoungGen      total 648192K, used 606217K [0x00000000d5580000, 0x0000000100000000, 0x0000000100000000)
  eden space 596480K, 100% used [0x00000000d5580000,0x00000000f9c00000,0x00000000f9c00000)
  from space 51712K, 18% used [0x00000000fcd80000,0x00000000fd7027e8,0x0000000100000000)
  to   space 50688K, 0% used [0x00000000f9c00000,0x00000000f9c00000,0x00000000fcd80000)
 ParOldGen       total 340480K, used 203005K [0x0000000080000000, 0x0000000094c80000, 0x00000000d5580000)
  object space 340480K, 59% used [0x0000000080000000,0x000000008c63f560,0x0000000094c80000)
 Metaspace       used 130658K, capacity 136880K, committed 137344K, reserved 1167360K
  class space    used 17106K, capacity 18303K, committed 18560K, reserved 1048576K
Event: 6595.695 GC heap after
Heap after GC invocations=52 (full 5):
 PSYoungGen      total 647168K, used 50668K [0x00000000d5580000, 0x0000000100000000, 0x0000000100000000)
  eden space 596480K, 0% used [0x00000000d5580000,0x00000000d5580000,0x00000000f9c00000)
  from space 50688K, 99% used [0x00000000f9c00000,0x00000000fcd7b1d0,0x00000000fcd80000)
  to   space 51712K, 0% used [0x00000000fcd80000,0x00000000fcd80000,0x0000000100000000)
 ParOldGen       total 340480K, used 269600K [0x0000000080000000, 0x0000000094c80000, 0x00000000d5580000)
  object space 340480K, 79% used [0x0000000080000000,0x0000000090748368,0x0000000094c80000)
 Metaspace       used 130658K, capacity 136880K, committed 137344K, reserved 1167360K
  class space    used 17106K, capacity 18303K, committed 18560K, reserved 1048576K
}
Event: 6655.945 GC heap before
{Heap before GC invocations=53 (full 5):
 PSYoungGen      total 647168K, used 647148K [0x00000000d5580000, 0x0000000100000000, 0x0000000100000000)
  eden space 596480K, 100% used [0x00000000d5580000,0x00000000f9c00000,0x00000000f9c00000)
  from space 50688K, 99% used [0x00000000f9c00000,0x00000000fcd7b1d0,0x00000000fcd80000)
  to   space 51712K, 0% used [0x00000000fcd80000,0x00000000fcd80000,0x0000000100000000)
 ParOldGen       total 340480K, used 269600K [0x0000000080000000, 0x0000000094c80000, 0x00000000d5580000)
  object space 340480K, 79% used [0x0000000080000000,0x0000000090748368,0x0000000094c80000)
 Metaspace       used 144451K, capacity 150842K, committed 151296K, reserved 1181696K
  class space    used 18573K, capacity 19826K, committed 19968K, reserved 1048576K
Event: 6656.108 GC heap after
Heap after GC invocations=53 (full 5):
 PSYoungGen      total 583680K, used 43722K [0x00000000d5580000, 0x0000000100000000, 0x0000000100000000)
  eden space 531968K, 0% used [0x00000000d5580000,0x00000000d5580000,0x00000000f5d00000)
  from space 51712K, 84% used [0x00000000fcd80000,0x00000000ff832898,0x0000000100000000)
  to   space 83456K, 0% used [0x00000000f5d00000,0x00000000f5d00000,0x00000000fae80000)
 ParOldGen       total 340480K, used 307962K [0x0000000080000000, 0x0000000094c80000, 0x00000000d5580000)
  object space 340480K, 90% used [0x0000000080000000,0x0000000092cbebe0,0x0000000094c80000)
 Metaspace       used 144451K, capacity 150842K, committed 151296K, reserved 1181696K
  class space    used 18573K, capacity 19826K, committed 19968K, reserved 1048576K
}
Event: 6656.108 GC heap before
{Heap before GC invocations=54 (full 6):
 PSYoungGen      total 583680K, used 43722K [0x00000000d5580000, 0x0000000100000000, 0x0000000100000000)
  eden space 531968K, 0% used [0x00000000d5580000,0x00000000d5580000,0x00000000f5d00000)
  from space 51712K, 84% used [0x00000000fcd80000,0x00000000ff832898,0x0000000100000000)
  to   space 83456K, 0% used [0x00000000f5d00000,0x00000000f5d00000,0x00000000fae80000)
 ParOldGen       total 340480K, used 307962K [0x0000000080000000, 0x0000000094c80000, 0x00000000d5580000)
  object space 340480K, 90% used [0x0000000080000000,0x0000000092cbebe0,0x0000000094c80000)
 Metaspace       used 144451K, capacity 150842K, committed 151296K, reserved 1181696K
  class space    used 18573K, capacity 19826K, committed 19968K, reserved 1048576K
Event: 6656.661 GC heap after
Heap after GC invocations=54 (full 6):
 PSYoungGen      total 583680K, used 0K [0x00000000d5580000, 0x0000000100000000, 0x0000000100000000)
  eden space 531968K, 0% used [0x00000000d5580000,0x00000000d5580000,0x00000000f5d00000)
  from space 51712K, 0% used [0x00000000fcd80000,0x00000000fcd80000,0x0000000100000000)
  to   space 83456K, 0% used [0x00000000f5d00000,0x00000000f5d00000,0x00000000fae80000)
 ParOldGen       total 386560K, used 147487K [0x0000000080000000, 0x0000000097980000, 0x00000000d5580000)
  object space 386560K, 38% used [0x0000000080000000,0x0000000089007dc0,0x0000000097980000)
 Metaspace       used 144432K, capacity 150796K, committed 151296K, reserved 1181696K
  class space    used 18567K, capacity 19815K, committed 19968K, reserved 1048576K
}
Event: 6671.900 GC heap before
{Heap before GC invocations=55 (full 6):
 PSYoungGen      total 583680K, used 531968K [0x00000000d5580000, 0x0000000100000000, 0x0000000100000000)
  eden space 531968K, 100% used [0x00000000d5580000,0x00000000f5d00000,0x00000000f5d00000)
  from space 51712K, 0% used [0x00000000fcd80000,0x00000000fcd80000,0x0000000100000000)
  to   space 83456K, 0% used [0x00000000f5d00000,0x00000000f5d00000,0x00000000fae80000)
 ParOldGen       total 386560K, used 147487K [0x0000000080000000, 0x0000000097980000, 0x00000000d5580000)
  object space 386560K, 38% used [0x0000000080000000,0x0000000089007dc0,0x0000000097980000)
 Metaspace       used 151444K, capacity 157828K, committed 158208K, reserved 1187840K
  class space    used 19373K, capacity 20609K, committed 20736K, reserved 1048576K
Event: 6671.991 GC heap after
Heap after GC invocations=55 (full 6):
 PSYoungGen      total 605184K, used 73142K [0x00000000d5580000, 0x0000000100000000, 0x0000000100000000)
  eden space 531968K, 0% used [0x00000000d5580000,0x00000000d5580000,0x00000000f5d00000)
  from space 73216K, 99% used [0x00000000f5d00000,0x00000000fa46da98,0x00000000fa480000)
  to   space 93696K, 0% used [0x00000000fa480000,0x00000000fa480000,0x0000000100000000)
 ParOldGen       total 386560K, used 147495K [0x0000000080000000, 0x0000000097980000, 0x00000000d5580000)
  object space 386560K, 38% used [0x0000000080000000,0x0000000089009dc0,0x0000000097980000)
 Metaspace       used 151444K, capacity 157828K, committed 158208K, reserved 1187840K
  class space    used 19373K, capacity 20609K, committed 20736K, reserved 1048576K
}

