# JRE version: OpenJDK Runtime Environment (8.0_242-b01) (build 1.8.0_242-release-1644-b01)
# Java VM: OpenJDK 64-Bit Server VM (25.242-b01 mixed mode windows-amd64 compressed oops)
Heap:
 PSYoungGen      total 99840K, used 44531K [0x00000000d5c00000, 0x00000000dd600000, 0x0000000100000000)
  eden space 78336K, 34% used [0x00000000d5c00000,0x00000000d7673b18,0x00000000da880000)
  from space 21504K, 81% used [0x00000000dbe80000,0x00000000dcf89130,0x00000000dd380000)
  to   space 22528K, 0% used [0x00000000da880000,0x00000000da880000,0x00000000dbe80000)
 ParOldGen       total 139776K, used 30211K [0x0000000081400000, 0x0000000089c80000, 0x00000000d5c00000)
  object space 139776K, 21% used [0x0000000081400000,0x0000000083180c68,0x0000000089c80000)
 Metaspace       used 48087K, capacity 48932K, committed 49408K, reserved 1093632K
  class space    used 5789K, capacity 6036K, committed 6144K, reserved 1048576K
GC Heap History (10 events):
Event: 3.332 GC heap before
{Heap before GC invocations=6 (full 1):
 PSYoungGen      total 49664K, used 49644K [0x00000000d5c00000, 0x00000000da700000, 0x0000000100000000)
  eden space 44544K, 100% used [0x00000000d5c00000,0x00000000d8780000,0x00000000d8780000)
  from space 5120K, 99% used [0x00000000da200000,0x00000000da6fb360,0x00000000da700000)
  to   space 5120K, 0% used [0x00000000d9d00000,0x00000000d9d00000,0x00000000da200000)
 ParOldGen       total 95232K, used 24249K [0x0000000081400000, 0x0000000087100000, 0x00000000d5c00000)
  object space 95232K, 25% used [0x0000000081400000,0x0000000082bae640,0x0000000087100000)
 Metaspace       used 32408K, capacity 32948K, committed 33152K, reserved 1079296K
  class space    used 4028K, capacity 4218K, committed 4224K, reserved 1048576K
Event: 3.357 GC heap after
Heap after GC invocations=6 (full 1):
 PSYoungGen      total 65024K, used 5111K [0x00000000d5c00000, 0x00000000dc380000, 0x0000000100000000)
  eden space 59904K, 0% used [0x00000000d5c00000,0x00000000d5c00000,0x00000000d9680000)
  from space 5120K, 99% used [0x00000000d9d00000,0x00000000da1fdc80,0x00000000da200000)
  to   space 23040K, 0% used [0x00000000dad00000,0x00000000dad00000,0x00000000dc380000)
 ParOldGen       total 95232K, used 34719K [0x0000000081400000, 0x0000000087100000, 0x00000000d5c00000)
  object space 95232K, 36% used [0x0000000081400000,0x00000000835e7f08,0x0000000087100000)
 Metaspace       used 32408K, capacity 32948K, committed 33152K, reserved 1079296K
  class space    used 4028K, capacity 4218K, committed 4224K, reserved 1048576K
}
Event: 3.689 GC heap before
{Heap before GC invocations=7 (full 1):
 PSYoungGen      total 65024K, used 21253K [0x00000000d5c00000, 0x00000000dc380000, 0x0000000100000000)
  eden space 59904K, 26% used [0x00000000d5c00000,0x00000000d6bc38f0,0x00000000d9680000)
  from space 5120K, 99% used [0x00000000d9d00000,0x00000000da1fdc80,0x00000000da200000)
  to   space 23040K, 0% used [0x00000000dad00000,0x00000000dad00000,0x00000000dc380000)
 ParOldGen       total 95232K, used 34719K [0x0000000081400000, 0x0000000087100000, 0x00000000d5c00000)
  object space 95232K, 36% used [0x0000000081400000,0x00000000835e7f08,0x0000000087100000)
 Metaspace       used 34682K, capacity 35200K, committed 35416K, reserved 1081344K
  class space    used 4354K, capacity 4540K, committed 4608K, reserved 1048576K
Event: 3.698 GC heap after
Heap after GC invocations=7 (full 1):
 PSYoungGen      total 83456K, used 8669K [0x00000000d5c00000, 0x00000000dd700000, 0x0000000100000000)
  eden space 60416K, 0% used [0x00000000d5c00000,0x00000000d5c00000,0x00000000d9700000)
  from space 23040K, 37% used [0x00000000dad00000,0x00000000db577680,0x00000000dc380000)
  to   space 22528K, 0% used [0x00000000d9700000,0x00000000d9700000,0x00000000dad00000)
 ParOldGen       total 95232K, used 34727K [0x0000000081400000, 0x0000000087100000, 0x00000000d5c00000)
  object space 95232K, 36% used [0x0000000081400000,0x00000000835e9f08,0x0000000087100000)
 Metaspace       used 34682K, capacity 35200K, committed 35416K, reserved 1081344K
  class space    used 4354K, capacity 4540K, committed 4608K, reserved 1048576K
}
Event: 3.698 GC heap before
{Heap before GC invocations=8 (full 2):
 PSYoungGen      total 83456K, used 8669K [0x00000000d5c00000, 0x00000000dd700000, 0x0000000100000000)
  eden space 60416K, 0% used [0x00000000d5c00000,0x00000000d5c00000,0x00000000d9700000)
  from space 23040K, 37% used [0x00000000dad00000,0x00000000db577680,0x00000000dc380000)
  to   space 22528K, 0% used [0x00000000d9700000,0x00000000d9700000,0x00000000dad00000)
 ParOldGen       total 95232K, used 34727K [0x0000000081400000, 0x0000000087100000, 0x00000000d5c00000)
  object space 95232K, 36% used [0x0000000081400000,0x00000000835e9f08,0x0000000087100000)
 Metaspace       used 34682K, capacity 35200K, committed 35416K, reserved 1081344K
  class space    used 4354K, capacity 4540K, committed 4608K, reserved 1048576K
Event: 3.788 GC heap after
Heap after GC invocations=8 (full 2):
 PSYoungGen      total 83456K, used 0K [0x00000000d5c00000, 0x00000000dd700000, 0x0000000100000000)
  eden space 60416K, 0% used [0x00000000d5c00000,0x00000000d5c00000,0x00000000d9700000)
  from space 23040K, 0% used [0x00000000dad00000,0x00000000dad00000,0x00000000dc380000)
  to   space 22528K, 0% used [0x00000000d9700000,0x00000000d9700000,0x00000000dad00000)
 ParOldGen       total 139776K, used 30203K [0x0000000081400000, 0x0000000089c80000, 0x00000000d5c00000)
  object space 139776K, 21% used [0x0000000081400000,0x000000008317ec68,0x0000000089c80000)
 Metaspace       used 34682K, capacity 35200K, committed 35416K, reserved 1081344K
  class space    used 4354K, capacity 4540K, committed 4608K, reserved 1048576K
}
Event: 4.921 GC heap before
{Heap before GC invocations=9 (full 2):
 PSYoungGen      total 83456K, used 60416K [0x00000000d5c00000, 0x00000000dd700000, 0x0000000100000000)
  eden space 60416K, 100% used [0x00000000d5c00000,0x00000000d9700000,0x00000000d9700000)
  from space 23040K, 0% used [0x00000000dad00000,0x00000000dad00000,0x00000000dc380000)
  to   space 22528K, 0% used [0x00000000d9700000,0x00000000d9700000,0x00000000dad00000)
 ParOldGen       total 139776K, used 30203K [0x0000000081400000, 0x0000000089c80000, 0x00000000d5c00000)
  object space 139776K, 21% used [0x0000000081400000,0x000000008317ec68,0x0000000089c80000)
 Metaspace       used 42498K, capacity 43274K, committed 43776K, reserved 1087488K
  class space    used 5273K, capacity 5527K, committed 5632K, reserved 1048576K
Event: 4.935 GC heap after
Heap after GC invocations=9 (full 2):
 PSYoungGen      total 82944K, used 12740K [0x00000000d5c00000, 0x00000000dd380000, 0x0000000100000000)
  eden space 60416K, 0% used [0x00000000d5c00000,0x00000000d5c00000,0x00000000d9700000)
  from space 22528K, 56% used [0x00000000d9700000,0x00000000da3711d8,0x00000000dad00000)
  to   space 21504K, 0% used [0x00000000dbe80000,0x00000000dbe80000,0x00000000dd380000)
 ParOldGen       total 139776K, used 30211K [0x0000000081400000, 0x0000000089c80000, 0x00000000d5c00000)
  object space 139776K, 21% used [0x0000000081400000,0x0000000083180c68,0x0000000089c80000)
 Metaspace       used 42498K, capacity 43274K, committed 43776K, reserved 1087488K
  class space    used 5273K, capacity 5527K, committed 5632K, reserved 1048576K
}
Event: 6.298 GC heap before
{Heap before GC invocations=10 (full 2):
 PSYoungGen      total 82944K, used 73156K [0x00000000d5c00000, 0x00000000dd380000, 0x0000000100000000)
  eden space 60416K, 100% used [0x00000000d5c00000,0x00000000d9700000,0x00000000d9700000)
  from space 22528K, 56% used [0x00000000d9700000,0x00000000da3711d8,0x00000000dad00000)
  to   space 21504K, 0% used [0x00000000dbe80000,0x00000000dbe80000,0x00000000dd380000)
 ParOldGen       total 139776K, used 30211K [0x0000000081400000, 0x0000000089c80000, 0x00000000d5c00000)
  object space 139776K, 21% used [0x0000000081400000,0x0000000083180c68,0x0000000089c80000)
 Metaspace       used 47521K, capacity 48336K, committed 48896K, reserved 1091584K
  class space    used 5767K, capacity 6030K, committed 6144K, reserved 1048576K
Event: 6.332 GC heap after
Heap after GC invocations=10 (full 2):
 PSYoungGen      total 99840K, used 17444K [0x00000000d5c00000, 0x00000000dd600000, 0x0000000100000000)
  eden space 78336K, 0% used [0x00000000d5c00000,0x00000000d5c00000,0x00000000da880000)
  from space 21504K, 81% used [0x00000000dbe80000,0x00000000dcf89130,0x00000000dd380000)
  to   space 22528K, 0% used [0x00000000da880000,0x00000000da880000,0x00000000dbe80000)
 ParOldGen       total 139776K, used 30211K [0x0000000081400000, 0x0000000089c80000, 0x00000000d5c00000)
  object space 139776K, 21% used [0x0000000081400000,0x0000000083180c68,0x0000000089c80000)
 Metaspace       used 47521K, capacity 48336K, committed 48896K, reserved 1091584K
  class space    used 5767K, capacity 6030K, committed 6144K, reserved 1048576K
}

