# JRE version: OpenJDK Runtime Environment (8.0_242-b01) (build 1.8.0_242-release-1644-b01)
# Java VM: OpenJDK 64-Bit Server VM (25.242-b01 mixed mode windows-amd64 compressed oops)
Heap:
 PSYoungGen      total 394240K, used 53426K [0x00000000d5580000, 0x00000000ef680000, 0x0000000100000000)
  eden space 361472K, 14% used [0x00000000d5580000,0x00000000d89acae0,0x00000000eb680000)
  from space 32768K, 0% used [0x00000000eb680000,0x00000000eb680000,0x00000000ed680000)
  to   space 28160K, 0% used [0x00000000edb00000,0x00000000edb00000,0x00000000ef680000)
 ParOldGen       total 97792K, used 73037K [0x0000000080000000, 0x0000000085f80000, 0x00000000d5580000)
  object space 97792K, 74% used [0x0000000080000000,0x00000000847534c8,0x0000000085f80000)
 Metaspace       used 111036K, capacity 115926K, committed 116248K, reserved 1150976K
  class space    used 14425K, capacity 15320K, committed 15408K, reserved 1048576K
GC Heap History (10 events):
Event: 95.303 GC heap before
{Heap before GC invocations=18 (full 3):
 PSYoungGen      total 389632K, used 307074K [0x00000000d5580000, 0x00000000ef680000, 0x0000000100000000)
  eden space 361472K, 78% used [0x00000000d5580000,0x00000000e6928ac8,0x00000000eb680000)
  from space 28160K, 88% used [0x00000000edb00000,0x00000000ef337e90,0x00000000ef680000)
  to   space 32768K, 0% used [0x00000000eb680000,0x00000000eb680000,0x00000000ed680000)
 ParOldGen       total 97792K, used 66252K [0x0000000080000000, 0x0000000085f80000, 0x00000000d5580000)
  object space 97792K, 67% used [0x0000000080000000,0x00000000840b3298,0x0000000085f80000)
 Metaspace       used 94359K, capacity 98442K, committed 98600K, reserved 1134592K
  class space    used 12480K, capacity 13256K, committed 13360K, reserved 1048576K
Event: 95.354 GC heap after
Heap after GC invocations=18 (full 3):
 PSYoungGen      total 394240K, used 30957K [0x00000000d5580000, 0x00000000ef680000, 0x0000000100000000)
  eden space 361472K, 0% used [0x00000000d5580000,0x00000000d5580000,0x00000000eb680000)
  from space 32768K, 94% used [0x00000000eb680000,0x00000000ed4bb500,0x00000000ed680000)
  to   space 28160K, 0% used [0x00000000edb00000,0x00000000edb00000,0x00000000ef680000)
 ParOldGen       total 97792K, used 79063K [0x0000000080000000, 0x0000000085f80000, 0x00000000d5580000)
  object space 97792K, 80% used [0x0000000080000000,0x0000000084d35fb0,0x0000000085f80000)
 Metaspace       used 94359K, capacity 98442K, committed 98600K, reserved 1134592K
  class space    used 12480K, capacity 13256K, committed 13360K, reserved 1048576K
}
Event: 95.354 GC heap before
{Heap before GC invocations=19 (full 4):
 PSYoungGen      total 394240K, used 30957K [0x00000000d5580000, 0x00000000ef680000, 0x0000000100000000)
  eden space 361472K, 0% used [0x00000000d5580000,0x00000000d5580000,0x00000000eb680000)
  from space 32768K, 94% used [0x00000000eb680000,0x00000000ed4bb500,0x00000000ed680000)
  to   space 28160K, 0% used [0x00000000edb00000,0x00000000edb00000,0x00000000ef680000)
 ParOldGen       total 97792K, used 79063K [0x0000000080000000, 0x0000000085f80000, 0x00000000d5580000)
  object space 97792K, 80% used [0x0000000080000000,0x0000000084d35fb0,0x0000000085f80000)
 Metaspace       used 94359K, capacity 98442K, committed 98600K, reserved 1134592K
  class space    used 12480K, capacity 13256K, committed 13360K, reserved 1048576K
Event: 95.719 GC heap after
Heap after GC invocations=19 (full 4):
 PSYoungGen      total 394240K, used 0K [0x00000000d5580000, 0x00000000ef680000, 0x0000000100000000)
  eden space 361472K, 0% used [0x00000000d5580000,0x00000000d5580000,0x00000000eb680000)
  from space 32768K, 0% used [0x00000000eb680000,0x00000000eb680000,0x00000000ed680000)
  to   space 28160K, 0% used [0x00000000edb00000,0x00000000edb00000,0x00000000ef680000)
 ParOldGen       total 97792K, used 82358K [0x0000000080000000, 0x0000000085f80000, 0x00000000d5580000)
  object space 97792K, 84% used [0x0000000080000000,0x000000008506d988,0x0000000085f80000)
 Metaspace       used 94264K, capacity 98154K, committed 98600K, reserved 1134592K
  class space    used 12450K, capacity 13204K, committed 13360K, reserved 1048576K
}
Event: 99.662 GC heap before
{Heap before GC invocations=20 (full 5):
 PSYoungGen      total 394240K, used 361472K [0x00000000d5580000, 0x00000000ef680000, 0x0000000100000000)
  eden space 361472K, 100% used [0x00000000d5580000,0x00000000eb680000,0x00000000eb680000)
  from space 32768K, 0% used [0x00000000eb680000,0x00000000eb680000,0x00000000ed680000)
  to   space 28160K, 0% used [0x00000000edb00000,0x00000000edb00000,0x00000000ef680000)
 ParOldGen       total 97792K, used 82358K [0x0000000080000000, 0x0000000085f80000, 0x00000000d5580000)
  object space 97792K, 84% used [0x0000000080000000,0x000000008506d988,0x0000000085f80000)
 Metaspace       used 105873K, capacity 110498K, committed 110744K, reserved 1144832K
  class space    used 14065K, capacity 14962K, committed 15024K, reserved 1048576K
Event: 100.863 GC heap after
Heap after GC invocations=20 (full 5):
 PSYoungGen      total 394240K, used 141418K [0x00000000d5580000, 0x00000000ef680000, 0x0000000100000000)
  eden space 361472K, 39% used [0x00000000d5580000,0x00000000ddf9ab00,0x00000000eb680000)
  from space 32768K, 0% used [0x00000000eb680000,0x00000000eb680000,0x00000000ed680000)
  to   space 28160K, 0% used [0x00000000edb00000,0x00000000edb00000,0x00000000ef680000)
 ParOldGen       total 97792K, used 97708K [0x0000000080000000, 0x0000000085f80000, 0x00000000d5580000)
  object space 97792K, 99% used [0x0000000080000000,0x0000000085f6b060,0x0000000085f80000)
 Metaspace       used 105838K, capacity 110408K, committed 110744K, reserved 1144832K
  class space    used 14053K, capacity 14939K, committed 15024K, reserved 1048576K
}
Event: 102.983 GC heap before
{Heap before GC invocations=21 (full 6):
 PSYoungGen      total 394240K, used 355506K [0x00000000d5580000, 0x00000000ef680000, 0x0000000100000000)
  eden space 361472K, 98% used [0x00000000d5580000,0x00000000eb0ac908,0x00000000eb680000)
  from space 32768K, 0% used [0x00000000eb680000,0x00000000eb680000,0x00000000ed680000)
  to   space 28160K, 0% used [0x00000000edb00000,0x00000000edb00000,0x00000000ef680000)
 ParOldGen       total 97792K, used 97708K [0x0000000080000000, 0x0000000085f80000, 0x00000000d5580000)
  object space 97792K, 99% used [0x0000000080000000,0x0000000085f6b060,0x0000000085f80000)
 Metaspace       used 106332K, capacity 111026K, committed 111256K, reserved 1144832K
  class space    used 14080K, capacity 14980K, committed 15024K, reserved 1048576K
Event: 103.658 GC heap after
Heap after GC invocations=21 (full 6):
 PSYoungGen      total 394240K, used 41560K [0x00000000d5580000, 0x00000000ef680000, 0x0000000100000000)
  eden space 361472K, 11% used [0x00000000d5580000,0x00000000d7e161d0,0x00000000eb680000)
  from space 32768K, 0% used [0x00000000eb680000,0x00000000eb680000,0x00000000ed680000)
  to   space 28160K, 0% used [0x00000000edb00000,0x00000000edb00000,0x00000000ef680000)
 ParOldGen       total 97792K, used 97708K [0x0000000080000000, 0x0000000085f80000, 0x00000000d5580000)
  object space 97792K, 99% used [0x0000000080000000,0x0000000085f6b0e8,0x0000000085f80000)
 Metaspace       used 106332K, capacity 111026K, committed 111256K, reserved 1144832K
  class space    used 14080K, capacity 14980K, committed 15024K, reserved 1048576K
}
Event: 185.951 GC heap before
{Heap before GC invocations=22 (full 7):
 PSYoungGen      total 394240K, used 361472K [0x00000000d5580000, 0x00000000ef680000, 0x0000000100000000)
  eden space 361472K, 100% used [0x00000000d5580000,0x00000000eb680000,0x00000000eb680000)
  from space 32768K, 0% used [0x00000000eb680000,0x00000000eb680000,0x00000000ed680000)
  to   space 28160K, 0% used [0x00000000edb00000,0x00000000edb00000,0x00000000ef680000)
 ParOldGen       total 97792K, used 97708K [0x0000000080000000, 0x0000000085f80000, 0x00000000d5580000)
  object space 97792K, 99% used [0x0000000080000000,0x0000000085f6b0e8,0x0000000085f80000)
 Metaspace       used 110929K, capacity 115768K, committed 115992K, reserved 1150976K
  class space    used 14417K, capacity 15315K, committed 15408K, reserved 1048576K
Event: 186.293 GC heap after
Heap after GC invocations=22 (full 7):
 PSYoungGen      total 394240K, used 0K [0x00000000d5580000, 0x00000000ef680000, 0x0000000100000000)
  eden space 361472K, 0% used [0x00000000d5580000,0x00000000d5580000,0x00000000eb680000)
  from space 32768K, 0% used [0x00000000eb680000,0x00000000eb680000,0x00000000ed680000)
  to   space 28160K, 0% used [0x00000000edb00000,0x00000000edb00000,0x00000000ef680000)
 ParOldGen       total 97792K, used 73037K [0x0000000080000000, 0x0000000085f80000, 0x00000000d5580000)
  object space 97792K, 74% used [0x0000000080000000,0x00000000847534c8,0x0000000085f80000)
 Metaspace       used 110929K, capacity 115768K, committed 115992K, reserved 1150976K
  class space    used 14417K, capacity 15315K, committed 15408K, reserved 1048576K
}

