# JRE version: OpenJDK Runtime Environment (8.0_242-b01) (build 1.8.0_242-release-1644-b01)
# Java VM: OpenJDK 64-Bit Server VM (25.242-b01 mixed mode windows-amd64 compressed oops)
Heap:
 PSYoungGen      total 404992K, used 158538K [0x00000000d5580000, 0x00000000fef80000, 0x0000000100000000)
  eden space 365568K, 32% used [0x00000000d5580000,0x00000000dca1b638,0x00000000eba80000)
  from space 39424K, 99% used [0x00000000eba80000,0x00000000ee0b7448,0x00000000ee100000)
  to   space 158208K, 0% used [0x00000000f5500000,0x00000000f5500000,0x00000000fef80000)
 ParOldGen       total 243200K, used 176580K [0x0000000080000000, 0x000000008ed80000, 0x00000000d5580000)
  object space 243200K, 72% used [0x0000000080000000,0x000000008ac71108,0x000000008ed80000)
 Metaspace       used 161880K, capacity 168818K, committed 169128K, reserved 1198080K
  class space    used 20060K, capacity 21349K, committed 21424K, reserved 1048576K
GC Heap History (10 events):
Event: 781.655 GC heap before
{Heap before GC invocations=36 (full 5):
 PSYoungGen      total 493056K, used 436847K [0x00000000d5580000, 0x00000000fc580000, 0x0000000100000000)
  eden space 358400K, 100% used [0x00000000d5580000,0x00000000eb380000,0x00000000eb380000)
  from space 134656K, 58% used [0x00000000f4200000,0x00000000f8e9bc60,0x00000000fc580000)
  to   space 140288K, 0% used [0x00000000eb380000,0x00000000eb380000,0x00000000f3c80000)
 ParOldGen       total 243200K, used 122181K [0x0000000080000000, 0x000000008ed80000, 0x00000000d5580000)
  object space 243200K, 50% used [0x0000000080000000,0x0000000087751620,0x000000008ed80000)
 Metaspace       used 144757K, capacity 150790K, committed 151208K, reserved 1181696K
  class space    used 18168K, capacity 19327K, committed 19376K, reserved 1048576K
Event: 781.803 GC heap after
Heap after GC invocations=36 (full 5):
 PSYoungGen      total 498688K, used 140284K [0x00000000d5580000, 0x0000000100000000, 0x0000000100000000)
  eden space 358400K, 0% used [0x00000000d5580000,0x00000000d5580000,0x00000000eb380000)
  from space 140288K, 99% used [0x00000000eb380000,0x00000000f3c7f018,0x00000000f3c80000)
  to   space 163840K, 0% used [0x00000000f6000000,0x00000000f6000000,0x0000000100000000)
 ParOldGen       total 243200K, used 124599K [0x0000000080000000, 0x000000008ed80000, 0x00000000d5580000)
  object space 243200K, 51% used [0x0000000080000000,0x00000000879adcd8,0x000000008ed80000)
 Metaspace       used 144757K, capacity 150790K, committed 151208K, reserved 1181696K
  class space    used 18168K, capacity 19327K, committed 19376K, reserved 1048576K
}
Event: 2142.934 GC heap before
{Heap before GC invocations=37 (full 5):
 PSYoungGen      total 498688K, used 498684K [0x00000000d5580000, 0x0000000100000000, 0x0000000100000000)
  eden space 358400K, 100% used [0x00000000d5580000,0x00000000eb380000,0x00000000eb380000)
  from space 140288K, 99% used [0x00000000eb380000,0x00000000f3c7f018,0x00000000f3c80000)
  to   space 163840K, 0% used [0x00000000f6000000,0x00000000f6000000,0x0000000100000000)
 ParOldGen       total 243200K, used 124599K [0x0000000080000000, 0x000000008ed80000, 0x00000000d5580000)
  object space 243200K, 51% used [0x0000000080000000,0x00000000879adcd8,0x000000008ed80000)
 Metaspace       used 145224K, capacity 151410K, committed 151592K, reserved 1181696K
  class space    used 18202K, capacity 19387K, committed 19504K, reserved 1048576K
Event: 2143.043 GC heap after
Heap after GC invocations=37 (full 5):
 PSYoungGen      total 538112K, used 25653K [0x00000000d5580000, 0x0000000100000000, 0x0000000100000000)
  eden space 374272K, 0% used [0x00000000d5580000,0x00000000d5580000,0x00000000ec300000)
  from space 163840K, 15% used [0x00000000f6000000,0x00000000f790d488,0x0000000100000000)
  to   space 160768K, 0% used [0x00000000ec300000,0x00000000ec300000,0x00000000f6000000)
 ParOldGen       total 243200K, used 176556K [0x0000000080000000, 0x000000008ed80000, 0x00000000d5580000)
  object space 243200K, 72% used [0x0000000080000000,0x000000008ac6b108,0x000000008ed80000)
 Metaspace       used 145224K, capacity 151410K, committed 151592K, reserved 1181696K
  class space    used 18202K, capacity 19387K, committed 19504K, reserved 1048576K
}
Event: 2149.942 GC heap before
{Heap before GC invocations=38 (full 5):
 PSYoungGen      total 538112K, used 399925K [0x00000000d5580000, 0x0000000100000000, 0x0000000100000000)
  eden space 374272K, 100% used [0x00000000d5580000,0x00000000ec300000,0x00000000ec300000)
  from space 163840K, 15% used [0x00000000f6000000,0x00000000f790d488,0x0000000100000000)
  to   space 160768K, 0% used [0x00000000ec300000,0x00000000ec300000,0x00000000f6000000)
 ParOldGen       total 243200K, used 176556K [0x0000000080000000, 0x000000008ed80000, 0x00000000d5580000)
  object space 243200K, 72% used [0x0000000080000000,0x000000008ac6b108,0x000000008ed80000)
 Metaspace       used 153266K, capacity 160020K, committed 160296K, reserved 1189888K
  class space    used 19149K, capacity 20412K, committed 20528K, reserved 1048576K
Event: 2150.050 GC heap after
Heap after GC invocations=38 (full 5):
 PSYoungGen      total 485888K, used 111218K [0x00000000d5580000, 0x0000000100000000, 0x0000000100000000)
  eden space 374272K, 0% used [0x00000000d5580000,0x00000000d5580000,0x00000000ec300000)
  from space 111616K, 99% used [0x00000000ec300000,0x00000000f2f9cb30,0x00000000f3000000)
  to   space 168960K, 0% used [0x00000000f5b00000,0x00000000f5b00000,0x0000000100000000)
 ParOldGen       total 243200K, used 176564K [0x0000000080000000, 0x000000008ed80000, 0x00000000d5580000)
  object space 243200K, 72% used [0x0000000080000000,0x000000008ac6d108,0x000000008ed80000)
 Metaspace       used 153266K, capacity 160020K, committed 160296K, reserved 1189888K
  class space    used 19149K, capacity 20412K, committed 20528K, reserved 1048576K
}
Event: 2234.603 GC heap before
{Heap before GC invocations=39 (full 5):
 PSYoungGen      total 485888K, used 485481K [0x00000000d5580000, 0x0000000100000000, 0x0000000100000000)
  eden space 374272K, 99% used [0x00000000d5580000,0x00000000ec2fdb48,0x00000000ec300000)
  from space 111616K, 99% used [0x00000000ec300000,0x00000000f2f9cb30,0x00000000f3000000)
  to   space 168960K, 0% used [0x00000000f5b00000,0x00000000f5b00000,0x0000000100000000)
 ParOldGen       total 243200K, used 176564K [0x0000000080000000, 0x000000008ed80000, 0x00000000d5580000)
  object space 243200K, 72% used [0x0000000080000000,0x000000008ac6d108,0x000000008ed80000)
 Metaspace       used 153656K, capacity 160480K, committed 160808K, reserved 1189888K
  class space    used 19162K, capacity 20424K, committed 20528K, reserved 1048576K
Event: 2234.660 GC heap after
Heap after GC invocations=39 (full 5):
 PSYoungGen      total 534528K, used 35512K [0x00000000d5580000, 0x0000000100000000, 0x0000000100000000)
  eden space 365568K, 0% used [0x00000000d5580000,0x00000000d5580000,0x00000000eba80000)
  from space 168960K, 21% used [0x00000000f5b00000,0x00000000f7dae340,0x0000000100000000)
  to   space 164352K, 0% used [0x00000000eba80000,0x00000000eba80000,0x00000000f5b00000)
 ParOldGen       total 243200K, used 176572K [0x0000000080000000, 0x000000008ed80000, 0x00000000d5580000)
  object space 243200K, 72% used [0x0000000080000000,0x000000008ac6f108,0x000000008ed80000)
 Metaspace       used 153656K, capacity 160480K, committed 160808K, reserved 1189888K
  class space    used 19162K, capacity 20424K, committed 20528K, reserved 1048576K
}
Event: 2238.537 GC heap before
{Heap before GC invocations=40 (full 5):
 PSYoungGen      total 534528K, used 401080K [0x00000000d5580000, 0x0000000100000000, 0x0000000100000000)
  eden space 365568K, 100% used [0x00000000d5580000,0x00000000eba80000,0x00000000eba80000)
  from space 168960K, 21% used [0x00000000f5b00000,0x00000000f7dae340,0x0000000100000000)
  to   space 164352K, 0% used [0x00000000eba80000,0x00000000eba80000,0x00000000f5b00000)
 ParOldGen       total 243200K, used 176572K [0x0000000080000000, 0x000000008ed80000, 0x00000000d5580000)
  object space 243200K, 72% used [0x0000000080000000,0x000000008ac6f108,0x000000008ed80000)
 Metaspace       used 161533K, capacity 168484K, committed 168616K, reserved 1196032K
  class space    used 20058K, capacity 21348K, committed 21424K, reserved 1048576K
Event: 2238.587 GC heap after
Heap after GC invocations=40 (full 5):
 PSYoungGen      total 404992K, used 39133K [0x00000000d5580000, 0x00000000fef80000, 0x0000000100000000)
  eden space 365568K, 0% used [0x00000000d5580000,0x00000000d5580000,0x00000000eba80000)
  from space 39424K, 99% used [0x00000000eba80000,0x00000000ee0b7448,0x00000000ee100000)
  to   space 158208K, 0% used [0x00000000f5500000,0x00000000f5500000,0x00000000fef80000)
 ParOldGen       total 243200K, used 176580K [0x0000000080000000, 0x000000008ed80000, 0x00000000d5580000)
  object space 243200K, 72% used [0x0000000080000000,0x000000008ac71108,0x000000008ed80000)
 Metaspace       used 161533K, capacity 168484K, committed 168616K, reserved 1196032K
  class space    used 20058K, capacity 21348K, committed 21424K, reserved 1048576K
}

