# JRE version: OpenJDK Runtime Environment (8.0_242-b01) (build 1.8.0_242-release-1644-b01)
# Java VM: OpenJDK 64-Bit Server VM (25.242-b01 mixed mode windows-amd64 compressed oops)
Heap:
 PSYoungGen      total 264704K, used 66737K [0x00000000d5580000, 0x00000000ee800000, 0x0000000100000000)
  eden space 150016K, 27% used [0x00000000d5580000,0x00000000d7e0a6b0,0x00000000de800000)
  from space 114688K, 21% used [0x00000000de800000,0x00000000e00a2140,0x00000000e5800000)
  to   space 111104K, 0% used [0x00000000e7b80000,0x00000000e7b80000,0x00000000ee800000)
 ParOldGen       total 330752K, used 159824K [0x0000000080000000, 0x0000000094300000, 0x00000000d5580000)
  object space 330752K, 48% used [0x0000000080000000,0x0000000089c140c8,0x0000000094300000)
 Metaspace       used 97077K, capacity 101362K, committed 101592K, reserved 1136640K
  class space    used 12699K, capacity 13479K, committed 13568K, reserved 1048576K
GC Heap History (10 events):
Event: 6777.513 GC heap before
{Heap before GC invocations=21 (full 3):
 PSYoungGen      total 193536K, used 193522K [0x00000000d5580000, 0x00000000e7400000, 0x0000000100000000)
  eden space 140288K, 100% used [0x00000000d5580000,0x00000000dde80000,0x00000000dde80000)
  from space 53248K, 99% used [0x00000000dde80000,0x00000000e127cb98,0x00000000e1280000)
  to   space 67584K, 0% used [0x00000000e3200000,0x00000000e3200000,0x00000000e7400000)
 ParOldGen       total 163328K, used 66411K [0x0000000080000000, 0x0000000089f80000, 0x00000000d5580000)
  object space 163328K, 40% used [0x0000000080000000,0x00000000840dad30,0x0000000089f80000)
 Metaspace       used 90266K, capacity 94286K, committed 94552K, reserved 1130496K
  class space    used 11837K, capacity 12594K, committed 12672K, reserved 1048576K
Event: 6777.732 GC heap after
Heap after GC invocations=21 (full 3):
 PSYoungGen      total 195584K, used 67580K [0x00000000d5580000, 0x00000000ebb80000, 0x0000000100000000)
  eden space 128000K, 0% used [0x00000000d5580000,0x00000000d5580000,0x00000000dd280000)
  from space 67584K, 99% used [0x00000000e3200000,0x00000000e73ff018,0x00000000e7400000)
  to   space 97792K, 0% used [0x00000000dd280000,0x00000000dd280000,0x00000000e3200000)
 ParOldGen       total 163328K, used 118361K [0x0000000080000000, 0x0000000089f80000, 0x00000000d5580000)
  object space 163328K, 72% used [0x0000000080000000,0x00000000873965f8,0x0000000089f80000)
 Metaspace       used 90266K, capacity 94286K, committed 94552K, reserved 1130496K
  class space    used 11837K, capacity 12594K, committed 12672K, reserved 1048576K
}
Event: 6781.457 GC heap before
{Heap before GC invocations=22 (full 3):
 PSYoungGen      total 195584K, used 195580K [0x00000000d5580000, 0x00000000ebb80000, 0x0000000100000000)
  eden space 128000K, 100% used [0x00000000d5580000,0x00000000dd280000,0x00000000dd280000)
  from space 67584K, 99% used [0x00000000e3200000,0x00000000e73ff018,0x00000000e7400000)
  to   space 97792K, 0% used [0x00000000dd280000,0x00000000dd280000,0x00000000e3200000)
 ParOldGen       total 163328K, used 118361K [0x0000000080000000, 0x0000000089f80000, 0x00000000d5580000)
  object space 163328K, 72% used [0x0000000080000000,0x00000000873965f8,0x0000000089f80000)
 Metaspace       used 92340K, capacity 96752K, committed 96984K, reserved 1132544K
  class space    used 12122K, capacity 12935K, committed 13056K, reserved 1048576K
Event: 6781.587 GC heap after
Heap after GC invocations=22 (full 3):
 PSYoungGen      total 225792K, used 81672K [0x00000000d5580000, 0x00000000ec200000, 0x0000000100000000)
  eden space 128000K, 0% used [0x00000000d5580000,0x00000000d5580000,0x00000000dd280000)
  from space 97792K, 83% used [0x00000000dd280000,0x00000000e2242398,0x00000000e3200000)
  to   space 108544K, 0% used [0x00000000e5800000,0x00000000e5800000,0x00000000ec200000)
 ParOldGen       total 163328K, used 131969K [0x0000000080000000, 0x0000000089f80000, 0x00000000d5580000)
  object space 163328K, 80% used [0x0000000080000000,0x00000000880e06b8,0x0000000089f80000)
 Metaspace       used 92340K, capacity 96752K, committed 96984K, reserved 1132544K
  class space    used 12122K, capacity 12935K, committed 13056K, reserved 1048576K
}
Event: 6782.580 GC heap before
{Heap before GC invocations=23 (full 3):
 PSYoungGen      total 225792K, used 193784K [0x00000000d5580000, 0x00000000ec200000, 0x0000000100000000)
  eden space 128000K, 87% used [0x00000000d5580000,0x00000000dc2fbd08,0x00000000dd280000)
  from space 97792K, 83% used [0x00000000dd280000,0x00000000e2242398,0x00000000e3200000)
  to   space 108544K, 0% used [0x00000000e5800000,0x00000000e5800000,0x00000000ec200000)
 ParOldGen       total 163328K, used 131969K [0x0000000080000000, 0x0000000089f80000, 0x00000000d5580000)
  object space 163328K, 80% used [0x0000000080000000,0x00000000880e06b8,0x0000000089f80000)
 Metaspace       used 92568K, capacity 97014K, committed 97240K, reserved 1134592K
  class space    used 12138K, capacity 12958K, committed 13056K, reserved 1048576K
Event: 6782.704 GC heap after
Heap after GC invocations=23 (full 3):
 PSYoungGen      total 258560K, used 75858K [0x00000000d5580000, 0x00000000ed380000, 0x0000000100000000)
  eden space 150016K, 0% used [0x00000000d5580000,0x00000000d5580000,0x00000000de800000)
  from space 108544K, 69% used [0x00000000e5800000,0x00000000ea214bb0,0x00000000ec200000)
  to   space 114688K, 0% used [0x00000000de800000,0x00000000de800000,0x00000000e5800000)
 ParOldGen       total 163328K, used 143357K [0x0000000080000000, 0x0000000089f80000, 0x00000000d5580000)
  object space 163328K, 87% used [0x0000000080000000,0x0000000088bff688,0x0000000089f80000)
 Metaspace       used 92568K, capacity 97014K, committed 97240K, reserved 1134592K
  class space    used 12138K, capacity 12958K, committed 13056K, reserved 1048576K
}
Event: 6782.704 GC heap before
{Heap before GC invocations=24 (full 4):
 PSYoungGen      total 258560K, used 75858K [0x00000000d5580000, 0x00000000ed380000, 0x0000000100000000)
  eden space 150016K, 0% used [0x00000000d5580000,0x00000000d5580000,0x00000000de800000)
  from space 108544K, 69% used [0x00000000e5800000,0x00000000ea214bb0,0x00000000ec200000)
  to   space 114688K, 0% used [0x00000000de800000,0x00000000de800000,0x00000000e5800000)
 ParOldGen       total 163328K, used 143357K [0x0000000080000000, 0x0000000089f80000, 0x00000000d5580000)
  object space 163328K, 87% used [0x0000000080000000,0x0000000088bff688,0x0000000089f80000)
 Metaspace       used 92568K, capacity 97014K, committed 97240K, reserved 1134592K
  class space    used 12138K, capacity 12958K, committed 13056K, reserved 1048576K
Event: 6783.873 GC heap after
Heap after GC invocations=24 (full 4):
 PSYoungGen      total 258560K, used 0K [0x00000000d5580000, 0x00000000ed380000, 0x0000000100000000)
  eden space 150016K, 0% used [0x00000000d5580000,0x00000000d5580000,0x00000000de800000)
  from space 108544K, 0% used [0x00000000e5800000,0x00000000e5800000,0x00000000ec200000)
  to   space 114688K, 0% used [0x00000000de800000,0x00000000de800000,0x00000000e5800000)
 ParOldGen       total 330752K, used 159816K [0x0000000080000000, 0x0000000094300000, 0x00000000d5580000)
  object space 330752K, 48% used [0x0000000080000000,0x0000000089c120c8,0x0000000094300000)
 Metaspace       used 92309K, capacity 96396K, committed 97240K, reserved 1134592K
  class space    used 12066K, capacity 12827K, committed 13056K, reserved 1048576K
}
Event: 6803.834 GC heap before
{Heap before GC invocations=25 (full 4):
 PSYoungGen      total 258560K, used 150016K [0x00000000d5580000, 0x00000000ed380000, 0x0000000100000000)
  eden space 150016K, 100% used [0x00000000d5580000,0x00000000de800000,0x00000000de800000)
  from space 108544K, 0% used [0x00000000e5800000,0x00000000e5800000,0x00000000ec200000)
  to   space 114688K, 0% used [0x00000000de800000,0x00000000de800000,0x00000000e5800000)
 ParOldGen       total 330752K, used 159816K [0x0000000080000000, 0x0000000094300000, 0x00000000d5580000)
  object space 330752K, 48% used [0x0000000080000000,0x0000000089c120c8,0x0000000094300000)
 Metaspace       used 94814K, capacity 98954K, committed 99544K, reserved 1136640K
  class space    used 12364K, capacity 13104K, committed 13312K, reserved 1048576K
Event: 6803.848 GC heap after
Heap after GC invocations=25 (full 4):
 PSYoungGen      total 264704K, used 25224K [0x00000000d5580000, 0x00000000ee800000, 0x0000000100000000)
  eden space 150016K, 0% used [0x00000000d5580000,0x00000000d5580000,0x00000000de800000)
  from space 114688K, 21% used [0x00000000de800000,0x00000000e00a2140,0x00000000e5800000)
  to   space 111104K, 0% used [0x00000000e7b80000,0x00000000e7b80000,0x00000000ee800000)
 ParOldGen       total 330752K, used 159824K [0x0000000080000000, 0x0000000094300000, 0x00000000d5580000)
  object space 330752K, 48% used [0x0000000080000000,0x0000000089c140c8,0x0000000094300000)
 Metaspace       used 94814K, capacity 98954K, committed 99544K, reserved 1136640K
  class space    used 12364K, capacity 13104K, committed 13312K, reserved 1048576K
}

