# JRE version: OpenJDK Runtime Environment (8.0_242-b01) (build 1.8.0_242-release-1644-b01)
# Java VM: OpenJDK 64-Bit Server VM (25.242-b01 mixed mode windows-amd64 compressed oops)
Heap:
 PSYoungGen      total 125440K, used 31069K [0x00000000d5c00000, 0x00000000e1400000, 0x0000000100000000)
  eden space 98304K, 4% used [0x00000000d5c00000,0x00000000d5fdc848,0x00000000dbc00000)
  from space 27136K, 99% used [0x00000000dbc00000,0x00000000dd67acc0,0x00000000dd680000)
  to   space 34304K, 0% used [0x00000000df280000,0x00000000df280000,0x00000000e1400000)
 ParOldGen       total 124928K, used 37433K [0x0000000081400000, 0x0000000088e00000, 0x00000000d5c00000)
  object space 124928K, 29% used [0x0000000081400000,0x000000008388e7b8,0x0000000088e00000)
 Metaspace       used 56315K, capacity 57458K, committed 57816K, reserved 1099776K
  class space    used 6772K, capacity 7051K, committed 7168K, reserved 1048576K
GC Heap History (10 events):
Event: 6.835 GC heap before
{Heap before GC invocations=7 (full 1):
 PSYoungGen      total 71680K, used 17065K [0x00000000d5c00000, 0x00000000dd280000, 0x0000000100000000)
  eden space 66560K, 17% used [0x00000000d5c00000,0x00000000d67b1928,0x00000000d9d00000)
  from space 5120K, 99% used [0x00000000d9d00000,0x00000000da1f8c60,0x00000000da200000)
  to   space 24576K, 0% used [0x00000000dba80000,0x00000000dba80000,0x00000000dd280000)
 ParOldGen       total 89088K, used 36637K [0x0000000081400000, 0x0000000086b00000, 0x00000000d5c00000)
  object space 89088K, 41% used [0x0000000081400000,0x00000000837c7408,0x0000000086b00000)
 Metaspace       used 34704K, capacity 35202K, committed 35416K, reserved 1081344K
  class space    used 4334K, capacity 4476K, committed 4480K, reserved 1048576K
Event: 6.850 GC heap after
Heap after GC invocations=7 (full 1):
 PSYoungGen      total 97280K, used 7262K [0x00000000d5c00000, 0x00000000de880000, 0x0000000100000000)
  eden space 72704K, 0% used [0x00000000d5c00000,0x00000000d5c00000,0x00000000da300000)
  from space 24576K, 29% used [0x00000000dba80000,0x00000000dc197898,0x00000000dd280000)
  to   space 24064K, 0% used [0x00000000da300000,0x00000000da300000,0x00000000dba80000)
 ParOldGen       total 89088K, used 36645K [0x0000000081400000, 0x0000000086b00000, 0x00000000d5c00000)
  object space 89088K, 41% used [0x0000000081400000,0x00000000837c9408,0x0000000086b00000)
 Metaspace       used 34704K, capacity 35202K, committed 35416K, reserved 1081344K
  class space    used 4334K, capacity 4476K, committed 4480K, reserved 1048576K
}
Event: 6.850 GC heap before
{Heap before GC invocations=8 (full 2):
 PSYoungGen      total 97280K, used 7262K [0x00000000d5c00000, 0x00000000de880000, 0x0000000100000000)
  eden space 72704K, 0% used [0x00000000d5c00000,0x00000000d5c00000,0x00000000da300000)
  from space 24576K, 29% used [0x00000000dba80000,0x00000000dc197898,0x00000000dd280000)
  to   space 24064K, 0% used [0x00000000da300000,0x00000000da300000,0x00000000dba80000)
 ParOldGen       total 89088K, used 36645K [0x0000000081400000, 0x0000000086b00000, 0x00000000d5c00000)
  object space 89088K, 41% used [0x0000000081400000,0x00000000837c9408,0x0000000086b00000)
 Metaspace       used 34704K, capacity 35202K, committed 35416K, reserved 1081344K
  class space    used 4334K, capacity 4476K, committed 4480K, reserved 1048576K
Event: 6.987 GC heap after
Heap after GC invocations=8 (full 2):
 PSYoungGen      total 97280K, used 0K [0x00000000d5c00000, 0x00000000de880000, 0x0000000100000000)
  eden space 72704K, 0% used [0x00000000d5c00000,0x00000000d5c00000,0x00000000da300000)
  from space 24576K, 0% used [0x00000000dba80000,0x00000000dba80000,0x00000000dd280000)
  to   space 24064K, 0% used [0x00000000da300000,0x00000000da300000,0x00000000dba80000)
 ParOldGen       total 124928K, used 29904K [0x0000000081400000, 0x0000000088e00000, 0x00000000d5c00000)
  object space 124928K, 23% used [0x0000000081400000,0x00000000831342f0,0x0000000088e00000)
 Metaspace       used 34704K, capacity 35202K, committed 35416K, reserved 1081344K
  class space    used 4334K, capacity 4476K, committed 4480K, reserved 1048576K
}
Event: 9.957 GC heap before
{Heap before GC invocations=9 (full 2):
 PSYoungGen      total 97280K, used 72704K [0x00000000d5c00000, 0x00000000de880000, 0x0000000100000000)
  eden space 72704K, 100% used [0x00000000d5c00000,0x00000000da300000,0x00000000da300000)
  from space 24576K, 0% used [0x00000000dba80000,0x00000000dba80000,0x00000000dd280000)
  to   space 24064K, 0% used [0x00000000da300000,0x00000000da300000,0x00000000dba80000)
 ParOldGen       total 124928K, used 29904K [0x0000000081400000, 0x0000000088e00000, 0x00000000d5c00000)
  object space 124928K, 23% used [0x0000000081400000,0x00000000831342f0,0x0000000088e00000)
 Metaspace       used 43566K, capacity 44394K, committed 44760K, reserved 1089536K
  class space    used 5332K, capacity 5605K, committed 5632K, reserved 1048576K
Event: 9.973 GC heap after
Heap after GC invocations=9 (full 2):
 PSYoungGen      total 96768K, used 14359K [0x00000000d5c00000, 0x00000000ded80000, 0x0000000100000000)
  eden space 72704K, 0% used [0x00000000d5c00000,0x00000000d5c00000,0x00000000da300000)
  from space 24064K, 59% used [0x00000000da300000,0x00000000db105cf8,0x00000000dba80000)
  to   space 23552K, 0% used [0x00000000dd680000,0x00000000dd680000,0x00000000ded80000)
 ParOldGen       total 124928K, used 29912K [0x0000000081400000, 0x0000000088e00000, 0x00000000d5c00000)
  object space 124928K, 23% used [0x0000000081400000,0x00000000831362f0,0x0000000088e00000)
 Metaspace       used 43566K, capacity 44394K, committed 44760K, reserved 1089536K
  class space    used 5332K, capacity 5605K, committed 5632K, reserved 1048576K
}
Event: 12.698 GC heap before
{Heap before GC invocations=10 (full 2):
 PSYoungGen      total 96768K, used 87063K [0x00000000d5c00000, 0x00000000ded80000, 0x0000000100000000)
  eden space 72704K, 100% used [0x00000000d5c00000,0x00000000da300000,0x00000000da300000)
  from space 24064K, 59% used [0x00000000da300000,0x00000000db105cf8,0x00000000dba80000)
  to   space 23552K, 0% used [0x00000000dd680000,0x00000000dd680000,0x00000000ded80000)
 ParOldGen       total 124928K, used 29912K [0x0000000081400000, 0x0000000088e00000, 0x00000000d5c00000)
  object space 124928K, 23% used [0x0000000081400000,0x00000000831362f0,0x0000000088e00000)
 Metaspace       used 48377K, capacity 49262K, committed 49624K, reserved 1093632K
  class space    used 5760K, capacity 6017K, committed 6144K, reserved 1048576K
Event: 12.740 GC heap after
Heap after GC invocations=10 (full 2):
 PSYoungGen      total 121856K, used 23050K [0x00000000d5c00000, 0x00000000df280000, 0x0000000100000000)
  eden space 98304K, 0% used [0x00000000d5c00000,0x00000000d5c00000,0x00000000dbc00000)
  from space 23552K, 97% used [0x00000000dd680000,0x00000000ded02b78,0x00000000ded80000)
  to   space 27136K, 0% used [0x00000000dbc00000,0x00000000dbc00000,0x00000000dd680000)
 ParOldGen       total 124928K, used 29920K [0x0000000081400000, 0x0000000088e00000, 0x00000000d5c00000)
  object space 124928K, 23% used [0x0000000081400000,0x00000000831382f0,0x0000000088e00000)
 Metaspace       used 48377K, capacity 49262K, committed 49624K, reserved 1093632K
  class space    used 5760K, capacity 6017K, committed 6144K, reserved 1048576K
}
Event: 16.869 GC heap before
{Heap before GC invocations=11 (full 2):
 PSYoungGen      total 121856K, used 121354K [0x00000000d5c00000, 0x00000000df280000, 0x0000000100000000)
  eden space 98304K, 100% used [0x00000000d5c00000,0x00000000dbc00000,0x00000000dbc00000)
  from space 23552K, 97% used [0x00000000dd680000,0x00000000ded02b78,0x00000000ded80000)
  to   space 27136K, 0% used [0x00000000dbc00000,0x00000000dbc00000,0x00000000dd680000)
 ParOldGen       total 124928K, used 29920K [0x0000000081400000, 0x0000000088e00000, 0x00000000d5c00000)
  object space 124928K, 23% used [0x0000000081400000,0x00000000831382f0,0x0000000088e00000)
 Metaspace       used 56154K, capacity 57330K, committed 57560K, reserved 1099776K
  class space    used 6764K, capacity 7051K, committed 7168K, reserved 1048576K
Event: 16.938 GC heap after
Heap after GC invocations=11 (full 2):
 PSYoungGen      total 125440K, used 27115K [0x00000000d5c00000, 0x00000000e1400000, 0x0000000100000000)
  eden space 98304K, 0% used [0x00000000d5c00000,0x00000000d5c00000,0x00000000dbc00000)
  from space 27136K, 99% used [0x00000000dbc00000,0x00000000dd67acc0,0x00000000dd680000)
  to   space 34304K, 0% used [0x00000000df280000,0x00000000df280000,0x00000000e1400000)
 ParOldGen       total 124928K, used 37433K [0x0000000081400000, 0x0000000088e00000, 0x00000000d5c00000)
  object space 124928K, 29% used [0x0000000081400000,0x000000008388e7b8,0x0000000088e00000)
 Metaspace       used 56154K, capacity 57330K, committed 57560K, reserved 1099776K
  class space    used 6764K, capacity 7051K, committed 7168K, reserved 1048576K
}

