# JRE version: OpenJDK Runtime Environment (8.0_242-b01) (build 1.8.0_242-release-1644-b01)
# Java VM: OpenJDK 64-Bit Server VM (25.242-b01 mixed mode windows-amd64 compressed oops)
Heap:
 PSYoungGen      total 94720K, used 55977K [0x00000000d5c00000, 0x00000000de800000, 0x0000000100000000)
  eden space 89600K, 62% used [0x00000000d5c00000,0x00000000d92aa5d0,0x00000000db380000)
  from space 5120K, 0% used [0x00000000dde00000,0x00000000dde00000,0x00000000de300000)
  to   space 5120K, 0% used [0x00000000de300000,0x00000000de300000,0x00000000de800000)
 ParOldGen       total 94720K, used 41101K [0x0000000081400000, 0x0000000087080000, 0x00000000d5c00000)
  object space 94720K, 43% used [0x0000000081400000,0x0000000083c23488,0x0000000087080000)
 Metaspace       used 40327K, capacity 41056K, committed 41344K, reserved 1085440K
  class space    used 4982K, capacity 5190K, committed 5248K, reserved 1048576K
GC Heap History (10 events):
Event: 1.804 GC heap before
{Heap before GC invocations=3 (full 0):
 PSYoungGen      total 71680K, used 36488K [0x00000000d5c00000, 0x00000000da700000, 0x0000000100000000)
  eden space 66560K, 47% used [0x00000000d5c00000,0x00000000d7aa2248,0x00000000d9d00000)
  from space 5120K, 100% used [0x00000000da200000,0x00000000da700000,0x00000000da700000)
  to   space 5120K, 0% used [0x00000000d9d00000,0x00000000d9d00000,0x00000000da200000)
 ParOldGen       total 87552K, used 7654K [0x0000000081400000, 0x0000000086980000, 0x00000000d5c00000)
  object space 87552K, 8% used [0x0000000081400000,0x0000000081b79860,0x0000000086980000)
 Metaspace       used 20787K, capacity 21178K, committed 21248K, reserved 1069056K
  class space    used 2368K, capacity 2527K, committed 2560K, reserved 1048576K
Event: 1.836 GC heap after
Heap after GC invocations=3 (full 0):
 PSYoungGen      total 71680K, used 5096K [0x00000000d5c00000, 0x00000000de800000, 0x0000000100000000)
  eden space 66560K, 0% used [0x00000000d5c00000,0x00000000d5c00000,0x00000000d9d00000)
  from space 5120K, 99% used [0x00000000d9d00000,0x00000000da1fa2c0,0x00000000da200000)
  to   space 5120K, 0% used [0x00000000de300000,0x00000000de300000,0x00000000de800000)
 ParOldGen       total 87552K, used 24674K [0x0000000081400000, 0x0000000086980000, 0x00000000d5c00000)
  object space 87552K, 28% used [0x0000000081400000,0x0000000082c189e8,0x0000000086980000)
 Metaspace       used 20787K, capacity 21178K, committed 21248K, reserved 1069056K
  class space    used 2368K, capacity 2527K, committed 2560K, reserved 1048576K
}
Event: 1.836 GC heap before
{Heap before GC invocations=4 (full 1):
 PSYoungGen      total 71680K, used 5096K [0x00000000d5c00000, 0x00000000de800000, 0x0000000100000000)
  eden space 66560K, 0% used [0x00000000d5c00000,0x00000000d5c00000,0x00000000d9d00000)
  from space 5120K, 99% used [0x00000000d9d00000,0x00000000da1fa2c0,0x00000000da200000)
  to   space 5120K, 0% used [0x00000000de300000,0x00000000de300000,0x00000000de800000)
 ParOldGen       total 87552K, used 24674K [0x0000000081400000, 0x0000000086980000, 0x00000000d5c00000)
  object space 87552K, 28% used [0x0000000081400000,0x0000000082c189e8,0x0000000086980000)
 Metaspace       used 20787K, capacity 21178K, committed 21248K, reserved 1069056K
  class space    used 2368K, capacity 2527K, committed 2560K, reserved 1048576K
Event: 1.939 GC heap after
Heap after GC invocations=4 (full 1):
 PSYoungGen      total 71680K, used 0K [0x00000000d5c00000, 0x00000000de800000, 0x0000000100000000)
  eden space 66560K, 0% used [0x00000000d5c00000,0x00000000d5c00000,0x00000000d9d00000)
  from space 5120K, 0% used [0x00000000d9d00000,0x00000000d9d00000,0x00000000da200000)
  to   space 5120K, 0% used [0x00000000de300000,0x00000000de300000,0x00000000de800000)
 ParOldGen       total 94720K, used 21921K [0x0000000081400000, 0x0000000087080000, 0x00000000d5c00000)
  object space 94720K, 23% used [0x0000000081400000,0x00000000829684f0,0x0000000087080000)
 Metaspace       used 20787K, capacity 21178K, committed 21248K, reserved 1069056K
  class space    used 2368K, capacity 2527K, committed 2560K, reserved 1048576K
}
Event: 3.333 GC heap before
{Heap before GC invocations=5 (full 1):
 PSYoungGen      total 71680K, used 66560K [0x00000000d5c00000, 0x00000000de800000, 0x0000000100000000)
  eden space 66560K, 100% used [0x00000000d5c00000,0x00000000d9d00000,0x00000000d9d00000)
  from space 5120K, 0% used [0x00000000d9d00000,0x00000000d9d00000,0x00000000da200000)
  to   space 5120K, 0% used [0x00000000de300000,0x00000000de300000,0x00000000de800000)
 ParOldGen       total 94720K, used 21921K [0x0000000081400000, 0x0000000087080000, 0x00000000d5c00000)
  object space 94720K, 23% used [0x0000000081400000,0x00000000829684f0,0x0000000087080000)
 Metaspace       used 30722K, capacity 31210K, committed 31488K, reserved 1077248K
  class space    used 3853K, capacity 4024K, committed 4096K, reserved 1048576K
Event: 3.349 GC heap after
Heap after GC invocations=5 (full 1):
 PSYoungGen      total 94720K, used 5119K [0x00000000d5c00000, 0x00000000de800000, 0x0000000100000000)
  eden space 89600K, 0% used [0x00000000d5c00000,0x00000000d5c00000,0x00000000db380000)
  from space 5120K, 99% used [0x00000000de300000,0x00000000de7ffd78,0x00000000de800000)
  to   space 5120K, 0% used [0x00000000dde00000,0x00000000dde00000,0x00000000de300000)
 ParOldGen       total 94720K, used 33075K [0x0000000081400000, 0x0000000087080000, 0x00000000d5c00000)
  object space 94720K, 34% used [0x0000000081400000,0x000000008344cfb0,0x0000000087080000)
 Metaspace       used 30722K, capacity 31210K, committed 31488K, reserved 1077248K
  class space    used 3853K, capacity 4024K, committed 4096K, reserved 1048576K
}
Event: 3.724 GC heap before
{Heap before GC invocations=6 (full 1):
 PSYoungGen      total 94720K, used 28929K [0x00000000d5c00000, 0x00000000de800000, 0x0000000100000000)
  eden space 89600K, 26% used [0x00000000d5c00000,0x00000000d73407e8,0x00000000db380000)
  from space 5120K, 99% used [0x00000000de300000,0x00000000de7ffd78,0x00000000de800000)
  to   space 5120K, 0% used [0x00000000dde00000,0x00000000dde00000,0x00000000de300000)
 ParOldGen       total 94720K, used 33075K [0x0000000081400000, 0x0000000087080000, 0x00000000d5c00000)
  object space 94720K, 34% used [0x0000000081400000,0x000000008344cfb0,0x0000000087080000)
 Metaspace       used 34672K, capacity 35170K, committed 35416K, reserved 1081344K
  class space    used 4345K, capacity 4508K, committed 4608K, reserved 1048576K
Event: 3.734 GC heap after
Heap after GC invocations=6 (full 1):
 PSYoungGen      total 94720K, used 5091K [0x00000000d5c00000, 0x00000000de800000, 0x0000000100000000)
  eden space 89600K, 0% used [0x00000000d5c00000,0x00000000d5c00000,0x00000000db380000)
  from space 5120K, 99% used [0x00000000dde00000,0x00000000de2f8c70,0x00000000de300000)
  to   space 5120K, 0% used [0x00000000de300000,0x00000000de300000,0x00000000de800000)
 ParOldGen       total 94720K, used 39206K [0x0000000081400000, 0x0000000087080000, 0x00000000d5c00000)
  object space 94720K, 41% used [0x0000000081400000,0x0000000083a49ad0,0x0000000087080000)
 Metaspace       used 34672K, capacity 35170K, committed 35416K, reserved 1081344K
  class space    used 4345K, capacity 4508K, committed 4608K, reserved 1048576K
}
Event: 3.734 GC heap before
{Heap before GC invocations=7 (full 2):
 PSYoungGen      total 94720K, used 5091K [0x00000000d5c00000, 0x00000000de800000, 0x0000000100000000)
  eden space 89600K, 0% used [0x00000000d5c00000,0x00000000d5c00000,0x00000000db380000)
  from space 5120K, 99% used [0x00000000dde00000,0x00000000de2f8c70,0x00000000de300000)
  to   space 5120K, 0% used [0x00000000de300000,0x00000000de300000,0x00000000de800000)
 ParOldGen       total 94720K, used 39206K [0x0000000081400000, 0x0000000087080000, 0x00000000d5c00000)
  object space 94720K, 41% used [0x0000000081400000,0x0000000083a49ad0,0x0000000087080000)
 Metaspace       used 34672K, capacity 35170K, committed 35416K, reserved 1081344K
  class space    used 4345K, capacity 4508K, committed 4608K, reserved 1048576K
Event: 3.835 GC heap after
Heap after GC invocations=7 (full 2):
 PSYoungGen      total 94720K, used 0K [0x00000000d5c00000, 0x00000000de800000, 0x0000000100000000)
  eden space 89600K, 0% used [0x00000000d5c00000,0x00000000d5c00000,0x00000000db380000)
  from space 5120K, 0% used [0x00000000dde00000,0x00000000dde00000,0x00000000de300000)
  to   space 5120K, 0% used [0x00000000de300000,0x00000000de300000,0x00000000de800000)
 ParOldGen       total 94720K, used 41101K [0x0000000081400000, 0x0000000087080000, 0x00000000d5c00000)
  object space 94720K, 43% used [0x0000000081400000,0x0000000083c23488,0x0000000087080000)
 Metaspace       used 34672K, capacity 35170K, committed 35416K, reserved 1081344K
  class space    used 4345K, capacity 4508K, committed 4608K, reserved 1048576K
}

