# JRE version: OpenJDK Runtime Environment (8.0_242-b01) (build 1.8.0_242-release-1644-b01)
# Java VM: OpenJDK 64-Bit Server VM (25.242-b01 mixed mode windows-amd64 compressed oops)
Heap:
 PSYoungGen      total 612864K, used 304447K [0x00000000d5580000, 0x0000000100000000, 0x0000000100000000)
  eden space 530944K, 57% used [0x00000000d5580000,0x00000000e7ecffd8,0x00000000f5c00000)
  from space 81920K, 0% used [0x00000000f5c00000,0x00000000f5c00000,0x00000000fac00000)
  to   space 86016K, 0% used [0x00000000fac00000,0x00000000fac00000,0x0000000100000000)
 ParOldGen       total 388608K, used 212935K [0x0000000080000000, 0x0000000097b80000, 0x00000000d5580000)
  object space 388608K, 54% used [0x0000000080000000,0x000000008cff1c60,0x0000000097b80000)
 Metaspace       used 129013K, capacity 135824K, committed 136088K, reserved 1167360K
  class space    used 16290K, capacity 17539K, committed 17560K, reserved 1048576K
GC Heap History (10 events):
Event: 404.599 GC heap before
{Heap before GC invocations=78 (full 6):
 PSYoungGen      total 612352K, used 611932K [0x00000000d5580000, 0x0000000100000000, 0x0000000100000000)
  eden space 547328K, 100% used [0x00000000d5580000,0x00000000f6c00000,0x00000000f6c00000)
  from space 65024K, 99% used [0x00000000f6c00000,0x00000000fab17208,0x00000000fab80000)
  to   space 81408K, 0% used [0x00000000fb080000,0x00000000fb080000,0x0000000100000000)
 ParOldGen       total 359936K, used 256405K [0x0000000080000000, 0x0000000095f80000, 0x00000000d5580000)
  object space 359936K, 71% used [0x0000000080000000,0x000000008fa65630,0x0000000095f80000)
 Metaspace       used 97225K, capacity 102270K, committed 102424K, reserved 1138688K
  class space    used 12466K, capacity 13328K, committed 13336K, reserved 1048576K
Event: 404.663 GC heap after
Heap after GC invocations=78 (full 6):
 PSYoungGen      total 608256K, used 64320K [0x00000000d5580000, 0x0000000100000000, 0x0000000100000000)
  eden space 526848K, 0% used [0x00000000d5580000,0x00000000d5580000,0x00000000f5800000)
  from space 81408K, 79% used [0x00000000fb080000,0x00000000fef50018,0x0000000100000000)
  to   space 86016K, 0% used [0x00000000f5800000,0x00000000f5800000,0x00000000fac00000)
 ParOldGen       total 359936K, used 257773K [0x0000000080000000, 0x0000000095f80000, 0x00000000d5580000)
  object space 359936K, 71% used [0x0000000080000000,0x000000008fbbb630,0x0000000095f80000)
 Metaspace       used 97225K, capacity 102270K, committed 102424K, reserved 1138688K
  class space    used 12466K, capacity 13328K, committed 13336K, reserved 1048576K
}
Event: 490.585 GC heap before
{Heap before GC invocations=79 (full 6):
 PSYoungGen      total 608256K, used 591168K [0x00000000d5580000, 0x0000000100000000, 0x0000000100000000)
  eden space 526848K, 100% used [0x00000000d5580000,0x00000000f5800000,0x00000000f5800000)
  from space 81408K, 79% used [0x00000000fb080000,0x00000000fef50018,0x0000000100000000)
  to   space 86016K, 0% used [0x00000000f5800000,0x00000000f5800000,0x00000000fac00000)
 ParOldGen       total 359936K, used 257773K [0x0000000080000000, 0x0000000095f80000, 0x00000000d5580000)
  object space 359936K, 71% used [0x0000000080000000,0x000000008fbbb630,0x0000000095f80000)
 Metaspace       used 103846K, capacity 109504K, committed 109848K, reserved 1144832K
  class space    used 13446K, capacity 14521K, committed 14616K, reserved 1048576K
Event: 490.646 GC heap after
Heap after GC invocations=79 (full 6):
 PSYoungGen      total 612864K, used 42789K [0x00000000d5580000, 0x00000000ffc80000, 0x0000000100000000)
  eden space 526848K, 0% used [0x00000000d5580000,0x00000000d5580000,0x00000000f5800000)
  from space 86016K, 49% used [0x00000000f5800000,0x00000000f81c96a8,0x00000000fac00000)
  to   space 81920K, 0% used [0x00000000fac80000,0x00000000fac80000,0x00000000ffc80000)
 ParOldGen       total 359936K, used 258965K [0x0000000080000000, 0x0000000095f80000, 0x00000000d5580000)
  object space 359936K, 71% used [0x0000000080000000,0x000000008fce5630,0x0000000095f80000)
 Metaspace       used 103846K, capacity 109504K, committed 109848K, reserved 1144832K
  class space    used 13446K, capacity 14521K, committed 14616K, reserved 1048576K
}
Event: 528.714 GC heap before
{Heap before GC invocations=80 (full 6):
 PSYoungGen      total 612864K, used 569637K [0x00000000d5580000, 0x00000000ffc80000, 0x0000000100000000)
  eden space 526848K, 100% used [0x00000000d5580000,0x00000000f5800000,0x00000000f5800000)
  from space 86016K, 49% used [0x00000000f5800000,0x00000000f81c96a8,0x00000000fac00000)
  to   space 81920K, 0% used [0x00000000fac80000,0x00000000fac80000,0x00000000ffc80000)
 ParOldGen       total 359936K, used 258965K [0x0000000080000000, 0x0000000095f80000, 0x00000000d5580000)
  object space 359936K, 71% used [0x0000000080000000,0x000000008fce5630,0x0000000095f80000)
 Metaspace       used 110483K, capacity 117044K, committed 117272K, reserved 1150976K
  class space    used 14318K, capacity 15539K, committed 15640K, reserved 1048576K
Event: 528.782 GC heap after
Heap after GC invocations=80 (full 6):
 PSYoungGen      total 612352K, used 54607K [0x00000000d5580000, 0x00000000ffc00000, 0x0000000100000000)
  eden space 530944K, 0% used [0x00000000d5580000,0x00000000d5580000,0x00000000f5c00000)
  from space 81408K, 67% used [0x00000000fac80000,0x00000000fe1d3d58,0x00000000ffc00000)
  to   space 81920K, 0% used [0x00000000f5c00000,0x00000000f5c00000,0x00000000fac00000)
 ParOldGen       total 359936K, used 258973K [0x0000000080000000, 0x0000000095f80000, 0x00000000d5580000)
  object space 359936K, 71% used [0x0000000080000000,0x000000008fce7630,0x0000000095f80000)
 Metaspace       used 110483K, capacity 117044K, committed 117272K, reserved 1150976K
  class space    used 14318K, capacity 15539K, committed 15640K, reserved 1048576K
}
Event: 584.560 GC heap before
{Heap before GC invocations=81 (full 6):
 PSYoungGen      total 612352K, used 585551K [0x00000000d5580000, 0x00000000ffc00000, 0x0000000100000000)
  eden space 530944K, 100% used [0x00000000d5580000,0x00000000f5c00000,0x00000000f5c00000)
  from space 81408K, 67% used [0x00000000fac80000,0x00000000fe1d3d58,0x00000000ffc00000)
  to   space 81920K, 0% used [0x00000000f5c00000,0x00000000f5c00000,0x00000000fac00000)
 ParOldGen       total 359936K, used 258973K [0x0000000080000000, 0x0000000095f80000, 0x00000000d5580000)
  object space 359936K, 71% used [0x0000000080000000,0x000000008fce7630,0x0000000095f80000)
 Metaspace       used 128637K, capacity 135482K, committed 135832K, reserved 1167360K
  class space    used 16270K, capacity 17514K, committed 17560K, reserved 1048576K
Event: 584.720 GC heap after
Heap after GC invocations=81 (full 6):
 PSYoungGen      total 612864K, used 81911K [0x00000000d5580000, 0x0000000100000000, 0x0000000100000000)
  eden space 530944K, 0% used [0x00000000d5580000,0x00000000d5580000,0x00000000f5c00000)
  from space 81920K, 99% used [0x00000000f5c00000,0x00000000fabfde50,0x00000000fac00000)
  to   space 86016K, 0% used [0x00000000fac00000,0x00000000fac00000,0x0000000100000000)
 ParOldGen       total 359936K, used 356596K [0x0000000080000000, 0x0000000095f80000, 0x00000000d5580000)
  object space 359936K, 99% used [0x0000000080000000,0x0000000095c3d3c8,0x0000000095f80000)
 Metaspace       used 128637K, capacity 135482K, committed 135832K, reserved 1167360K
  class space    used 16270K, capacity 17514K, committed 17560K, reserved 1048576K
}
Event: 584.720 GC heap before
{Heap before GC invocations=82 (full 7):
 PSYoungGen      total 612864K, used 81911K [0x00000000d5580000, 0x0000000100000000, 0x0000000100000000)
  eden space 530944K, 0% used [0x00000000d5580000,0x00000000d5580000,0x00000000f5c00000)
  from space 81920K, 99% used [0x00000000f5c00000,0x00000000fabfde50,0x00000000fac00000)
  to   space 86016K, 0% used [0x00000000fac00000,0x00000000fac00000,0x0000000100000000)
 ParOldGen       total 359936K, used 356596K [0x0000000080000000, 0x0000000095f80000, 0x00000000d5580000)
  object space 359936K, 99% used [0x0000000080000000,0x0000000095c3d3c8,0x0000000095f80000)
 Metaspace       used 128637K, capacity 135482K, committed 135832K, reserved 1167360K
  class space    used 16270K, capacity 17514K, committed 17560K, reserved 1048576K
Event: 585.514 GC heap after
Heap after GC invocations=82 (full 7):
 PSYoungGen      total 612864K, used 0K [0x00000000d5580000, 0x0000000100000000, 0x0000000100000000)
  eden space 530944K, 0% used [0x00000000d5580000,0x00000000d5580000,0x00000000f5c00000)
  from space 81920K, 0% used [0x00000000f5c00000,0x00000000f5c00000,0x00000000fac00000)
  to   space 86016K, 0% used [0x00000000fac00000,0x00000000fac00000,0x0000000100000000)
 ParOldGen       total 388608K, used 212935K [0x0000000080000000, 0x0000000097b80000, 0x00000000d5580000)
  object space 388608K, 54% used [0x0000000080000000,0x000000008cff1c60,0x0000000097b80000)
 Metaspace       used 128637K, capacity 135482K, committed 135832K, reserved 1167360K
  class space    used 16270K, capacity 17514K, committed 17560K, reserved 1048576K
}

