# JRE version: OpenJDK Runtime Environment (8.0_242-b01) (build 1.8.0_242-release-1644-b01)
# Java VM: OpenJDK 64-Bit Server VM (25.242-b01 mixed mode windows-amd64 compressed oops)
Heap:
 PSYoungGen      total 315904K, used 39853K [0x00000000d5580000, 0x00000000f4080000, 0x0000000100000000)
  eden space 294400K, 6% used [0x00000000d5580000,0x00000000d6773470,0x00000000e7500000)
  from space 21504K, 99% used [0x00000000e7500000,0x00000000e89f8050,0x00000000e8a00000)
  to   space 34304K, 0% used [0x00000000f1f00000,0x00000000f1f00000,0x00000000f4080000)
 ParOldGen       total 87040K, used 57298K [0x0000000080000000, 0x0000000085500000, 0x00000000d5580000)
  object space 87040K, 65% used [0x0000000080000000,0x00000000837f4ab0,0x0000000085500000)
 Metaspace       used 71400K, capacity 74608K, committed 74904K, reserved 1114112K
  class space    used 9762K, capacity 10373K, committed 10400K, reserved 1048576K
GC Heap History (10 events):
Event: 28.495 GC heap before
{Heap before GC invocations=12 (full 2):
 PSYoungGen      total 140288K, used 129024K [0x00000000d5580000, 0x00000000e2f00000, 0x0000000100000000)
  eden space 129024K, 100% used [0x00000000d5580000,0x00000000dd380000,0x00000000dd380000)
  from space 11264K, 0% used [0x00000000dd380000,0x00000000dd380000,0x00000000dde80000)
  to   space 12800K, 0% used [0x00000000e2280000,0x00000000e2280000,0x00000000e2f00000)
 ParOldGen       total 60928K, used 17794K [0x0000000080000000, 0x0000000083b80000, 0x00000000d5580000)
  object space 60928K, 29% used [0x0000000080000000,0x0000000081160920,0x0000000083b80000)
 Metaspace       used 38778K, capacity 40394K, committed 40488K, reserved 1083392K
  class space    used 5339K, capacity 5679K, committed 5680K, reserved 1048576K
Event: 28.525 GC heap after
Heap after GC invocations=12 (full 2):
 PSYoungGen      total 208896K, used 10489K [0x00000000d5580000, 0x00000000e3180000, 0x0000000100000000)
  eden space 196096K, 0% used [0x00000000d5580000,0x00000000d5580000,0x00000000e1500000)
  from space 12800K, 81% used [0x00000000e2280000,0x00000000e2cbe450,0x00000000e2f00000)
  to   space 13824K, 0% used [0x00000000e1500000,0x00000000e1500000,0x00000000e2280000)
 ParOldGen       total 60928K, used 17802K [0x0000000080000000, 0x0000000083b80000, 0x00000000d5580000)
  object space 60928K, 29% used [0x0000000080000000,0x0000000081162920,0x0000000083b80000)
 Metaspace       used 38778K, capacity 40394K, committed 40488K, reserved 1083392K
  class space    used 5339K, capacity 5679K, committed 5680K, reserved 1048576K
}
Event: 35.725 GC heap before
{Heap before GC invocations=13 (full 2):
 PSYoungGen      total 208896K, used 206585K [0x00000000d5580000, 0x00000000e3180000, 0x0000000100000000)
  eden space 196096K, 100% used [0x00000000d5580000,0x00000000e1500000,0x00000000e1500000)
  from space 12800K, 81% used [0x00000000e2280000,0x00000000e2cbe450,0x00000000e2f00000)
  to   space 13824K, 0% used [0x00000000e1500000,0x00000000e1500000,0x00000000e2280000)
 ParOldGen       total 60928K, used 17802K [0x0000000080000000, 0x0000000083b80000, 0x00000000d5580000)
  object space 60928K, 29% used [0x0000000080000000,0x0000000081162920,0x0000000083b80000)
 Metaspace       used 55518K, capacity 57602K, committed 57896K, reserved 1099776K
  class space    used 7442K, capacity 7889K, committed 7984K, reserved 1048576K
Event: 35.763 GC heap after
Heap after GC invocations=13 (full 2):
 PSYoungGen      total 209920K, used 13812K [0x00000000d5580000, 0x00000000ea080000, 0x0000000100000000)
  eden space 196096K, 0% used [0x00000000d5580000,0x00000000d5580000,0x00000000e1500000)
  from space 13824K, 99% used [0x00000000e1500000,0x00000000e227d1e0,0x00000000e2280000)
  to   space 21504K, 0% used [0x00000000e8b80000,0x00000000e8b80000,0x00000000ea080000)
 ParOldGen       total 60928K, used 33609K [0x0000000080000000, 0x0000000083b80000, 0x00000000d5580000)
  object space 60928K, 55% used [0x0000000080000000,0x00000000820d24c8,0x0000000083b80000)
 Metaspace       used 55518K, capacity 57602K, committed 57896K, reserved 1099776K
  class space    used 7442K, capacity 7889K, committed 7984K, reserved 1048576K
}
Event: 36.151 GC heap before
{Heap before GC invocations=14 (full 2):
 PSYoungGen      total 209920K, used 27338K [0x00000000d5580000, 0x00000000ea080000, 0x0000000100000000)
  eden space 196096K, 6% used [0x00000000d5580000,0x00000000d62b57f8,0x00000000e1500000)
  from space 13824K, 99% used [0x00000000e1500000,0x00000000e227d1e0,0x00000000e2280000)
  to   space 21504K, 0% used [0x00000000e8b80000,0x00000000e8b80000,0x00000000ea080000)
 ParOldGen       total 60928K, used 33609K [0x0000000080000000, 0x0000000083b80000, 0x00000000d5580000)
  object space 60928K, 55% used [0x0000000080000000,0x00000000820d24c8,0x0000000083b80000)
 Metaspace       used 56826K, capacity 59022K, committed 59160K, reserved 1099776K
  class space    used 7694K, capacity 8140K, committed 8224K, reserved 1048576K
Event: 36.168 GC heap after
Heap after GC invocations=14 (full 2):
 PSYoungGen      total 314368K, used 1758K [0x00000000d5580000, 0x00000000e9f00000, 0x0000000100000000)
  eden space 294400K, 0% used [0x00000000d5580000,0x00000000d5580000,0x00000000e7500000)
  from space 19968K, 8% used [0x00000000e8b80000,0x00000000e8d379e8,0x00000000e9f00000)
  to   space 21504K, 0% used [0x00000000e7500000,0x00000000e7500000,0x00000000e8a00000)
 ParOldGen       total 60928K, used 45228K [0x0000000080000000, 0x0000000083b80000, 0x00000000d5580000)
  object space 60928K, 74% used [0x0000000080000000,0x0000000082c2b0d8,0x0000000083b80000)
 Metaspace       used 56826K, capacity 59022K, committed 59160K, reserved 1099776K
  class space    used 7694K, capacity 8140K, committed 8224K, reserved 1048576K
}
Event: 36.168 GC heap before
{Heap before GC invocations=15 (full 3):
 PSYoungGen      total 314368K, used 1758K [0x00000000d5580000, 0x00000000e9f00000, 0x0000000100000000)
  eden space 294400K, 0% used [0x00000000d5580000,0x00000000d5580000,0x00000000e7500000)
  from space 19968K, 8% used [0x00000000e8b80000,0x00000000e8d379e8,0x00000000e9f00000)
  to   space 21504K, 0% used [0x00000000e7500000,0x00000000e7500000,0x00000000e8a00000)
 ParOldGen       total 60928K, used 45228K [0x0000000080000000, 0x0000000083b80000, 0x00000000d5580000)
  object space 60928K, 74% used [0x0000000080000000,0x0000000082c2b0d8,0x0000000083b80000)
 Metaspace       used 56826K, capacity 59022K, committed 59160K, reserved 1099776K
  class space    used 7694K, capacity 8140K, committed 8224K, reserved 1048576K
Event: 36.430 GC heap after
Heap after GC invocations=15 (full 3):
 PSYoungGen      total 314368K, used 0K [0x00000000d5580000, 0x00000000e9f00000, 0x0000000100000000)
  eden space 294400K, 0% used [0x00000000d5580000,0x00000000d5580000,0x00000000e7500000)
  from space 19968K, 0% used [0x00000000e8b80000,0x00000000e8b80000,0x00000000e9f00000)
  to   space 21504K, 0% used [0x00000000e7500000,0x00000000e7500000,0x00000000e8a00000)
 ParOldGen       total 87040K, used 32169K [0x0000000080000000, 0x0000000085500000, 0x00000000d5580000)
  object space 87040K, 36% used [0x0000000080000000,0x0000000081f6a7f8,0x0000000085500000)
 Metaspace       used 56812K, capacity 58974K, committed 59160K, reserved 1099776K
  class space    used 7690K, capacity 8132K, committed 8224K, reserved 1048576K
}
Event: 51.868 GC heap before
{Heap before GC invocations=16 (full 3):
 PSYoungGen      total 314368K, used 294400K [0x00000000d5580000, 0x00000000e9f00000, 0x0000000100000000)
  eden space 294400K, 100% used [0x00000000d5580000,0x00000000e7500000,0x00000000e7500000)
  from space 19968K, 0% used [0x00000000e8b80000,0x00000000e8b80000,0x00000000e9f00000)
  to   space 21504K, 0% used [0x00000000e7500000,0x00000000e7500000,0x00000000e8a00000)
 ParOldGen       total 87040K, used 32169K [0x0000000080000000, 0x0000000085500000, 0x00000000d5580000)
  object space 87040K, 36% used [0x0000000080000000,0x0000000081f6a7f8,0x0000000085500000)
 Metaspace       used 71048K, capacity 74246K, committed 74648K, reserved 1114112K
  class space    used 9708K, capacity 10328K, committed 10400K, reserved 1048576K
Event: 51.927 GC heap after
Heap after GC invocations=16 (full 3):
 PSYoungGen      total 315904K, used 21472K [0x00000000d5580000, 0x00000000f4080000, 0x0000000100000000)
  eden space 294400K, 0% used [0x00000000d5580000,0x00000000d5580000,0x00000000e7500000)
  from space 21504K, 99% used [0x00000000e7500000,0x00000000e89f8050,0x00000000e8a00000)
  to   space 34304K, 0% used [0x00000000f1f00000,0x00000000f1f00000,0x00000000f4080000)
 ParOldGen       total 87040K, used 57298K [0x0000000080000000, 0x0000000085500000, 0x00000000d5580000)
  object space 87040K, 65% used [0x0000000080000000,0x00000000837f4ab0,0x0000000085500000)
 Metaspace       used 71048K, capacity 74246K, committed 74648K, reserved 1114112K
  class space    used 9708K, capacity 10328K, committed 10400K, reserved 1048576K
}

